24-02-15 17:44:54.196 : 00_RLFN_baseline
24-02-15 17:44:55.320 : 0000001.png - PSNR: 25.67 dB
24-02-15 17:44:55.476 : 0000002.png - PSNR: 21.01 dB
24-02-15 17:44:55.655 : 0000003.png - PSNR: 26.43 dB
24-02-15 17:44:55.799 : 0000004.png - PSNR: 24.26 dB
24-02-15 17:44:56.001 : 0000005.png - PSNR: 25.11 dB
24-02-15 17:44:56.197 : 0000006.png - PSNR: 20.39 dB
24-02-15 17:44:56.332 : 0000007.png - PSNR: 19.04 dB
24-02-15 17:44:56.438 : 0000008.png - PSNR: 23.39 dB
24-02-15 17:44:56.527 : 0000009.png - PSNR: 23.25 dB
24-02-15 17:44:56.656 : 0000010.png - PSNR: 20.97 dB
24-02-15 17:44:56.792 : 0000011.png - PSNR: 25.67 dB
24-02-15 17:44:56.951 : 0000012.png - PSNR: 25.19 dB
24-02-15 17:44:57.145 : 0000013.png - PSNR: 26.03 dB
24-02-15 17:44:57.292 : 0000014.png - PSNR: 24.84 dB
24-02-15 17:44:57.382 : 0000015.png - PSNR: 22.91 dB
24-02-15 17:44:57.528 : 0000016.png - PSNR: 21.06 dB
24-02-15 17:44:57.690 : 0000017.png - PSNR: 22.56 dB
24-02-15 17:44:57.874 : 0000018.png - PSNR: 25.84 dB
24-02-15 17:44:58.085 : 0000019.png - PSNR: 22.62 dB
24-02-15 17:44:58.287 : 0000020.png - PSNR: 25.04 dB
24-02-15 17:44:58.454 : 0000021.png - PSNR: 24.27 dB
24-02-15 17:44:58.601 : 0000022.png - PSNR: 26.06 dB
24-02-15 17:44:58.783 : 0000023.png - PSNR: 31.51 dB
24-02-15 17:44:58.902 : 0000024.png - PSNR: 20.96 dB
24-02-15 17:44:59.028 : 0000025.png - PSNR: 25.84 dB
24-02-15 17:44:59.139 : 0000026.png - PSNR: 31.70 dB
24-02-15 17:44:59.242 : 0000027.png - PSNR: 22.52 dB
24-02-15 17:44:59.365 : 0000028.png - PSNR: 20.75 dB
24-02-15 17:44:59.487 : 0000029.png - PSNR: 24.64 dB
24-02-15 17:44:59.668 : 0000030.png - PSNR: 23.37 dB
24-02-15 17:44:59.806 : 0000031.png - PSNR: 35.59 dB
24-02-15 17:44:59.914 : 0000032.png - PSNR: 21.46 dB
24-02-15 17:45:00.048 : 0000033.png - PSNR: 24.72 dB
24-02-15 17:45:00.119 : 0000034.png - PSNR: 21.73 dB
24-02-15 17:45:00.194 : 0000035.png - PSNR: 27.57 dB
24-02-15 17:45:00.287 : 0000036.png - PSNR: 21.15 dB
24-02-15 17:45:00.438 : 0000037.png - PSNR: 23.74 dB
24-02-15 17:45:00.591 : 0000038.png - PSNR: 23.57 dB
24-02-15 17:45:00.770 : 0000039.png - PSNR: 22.56 dB
24-02-15 17:45:00.897 : 0000040.png - PSNR: 33.80 dB
24-02-15 17:45:01.020 : 0000041.png - PSNR: 24.83 dB
24-02-15 17:45:01.154 : 0000042.png - PSNR: 21.87 dB
24-02-15 17:45:01.330 : 0000043.png - PSNR: 23.14 dB
24-02-15 17:45:01.536 : 0000044.png - PSNR: 24.13 dB
24-02-15 17:45:01.628 : 0000045.png - PSNR: 25.30 dB
24-02-15 17:45:01.792 : 0000046.png - PSNR: 26.40 dB
24-02-15 17:45:02.078 : 0000047.png - PSNR: 21.35 dB
24-02-15 17:45:02.514 : 0000048.png - PSNR: 29.35 dB
24-02-15 17:45:02.966 : 0000049.png - PSNR: 24.82 dB
24-02-15 17:45:03.219 : 0000050.png - PSNR: 29.73 dB
24-02-15 17:45:03.343 : 0000051.png - PSNR: 23.72 dB
24-02-15 17:45:03.657 : 0000052.png - PSNR: 26.41 dB
24-02-15 17:45:04.186 : 0000053.png - PSNR: 32.14 dB
24-02-15 17:45:04.516 : 0000054.png - PSNR: 27.96 dB
24-02-15 17:45:04.655 : 0000055.png - PSNR: 27.16 dB
24-02-15 17:45:04.840 : 0000056.png - PSNR: 24.75 dB
24-02-15 17:45:04.973 : 0000057.png - PSNR: 22.58 dB
24-02-15 17:45:05.170 : 0000058.png - PSNR: 19.19 dB
24-02-15 17:45:05.424 : 0000059.png - PSNR: 23.15 dB
24-02-15 17:45:05.619 : 0000060.png - PSNR: 22.89 dB
24-02-15 17:45:05.825 : 0000061.png - PSNR: 23.97 dB
24-02-15 17:45:05.995 : 0000062.png - PSNR: 20.87 dB
24-02-15 17:45:06.132 : 0000063.png - PSNR: 21.34 dB
24-02-15 17:45:06.297 : 0000064.png - PSNR: 28.34 dB
24-02-15 17:45:06.491 : 0000065.png - PSNR: 20.95 dB
24-02-15 17:45:06.673 : 0000066.png - PSNR: 24.07 dB
24-02-15 17:45:06.815 : 0000067.png - PSNR: 23.01 dB
24-02-15 17:45:06.939 : 0000068.png - PSNR: 26.68 dB
24-02-15 17:45:07.114 : 0000069.png - PSNR: 29.34 dB
24-02-15 17:45:07.287 : 0000070.png - PSNR: 31.04 dB
24-02-15 17:45:07.448 : 0000071.png - PSNR: 26.30 dB
24-02-15 17:45:07.589 : 0000072.png - PSNR: 26.55 dB
24-02-15 17:45:07.768 : 0000073.png - PSNR: 22.21 dB
24-02-15 17:45:07.952 : 0000074.png - PSNR: 27.38 dB
24-02-15 17:45:08.101 : 0000075.png - PSNR: 28.85 dB
24-02-15 17:45:08.282 : 0000076.png - PSNR: 22.95 dB
24-02-15 17:45:08.406 : 0000077.png - PSNR: 24.39 dB
24-02-15 17:45:08.517 : 0000078.png - PSNR: 26.15 dB
24-02-15 17:45:08.663 : 0000079.png - PSNR: 24.36 dB
24-02-15 17:45:08.817 : 0000080.png - PSNR: 24.34 dB
24-02-15 17:45:08.982 : 0000081.png - PSNR: 23.74 dB
24-02-15 17:45:09.150 : 0000082.png - PSNR: 19.77 dB
24-02-15 17:45:09.327 : 0000083.png - PSNR: 30.06 dB
24-02-15 17:45:09.448 : 0000084.png - PSNR: 31.71 dB
24-02-15 17:45:09.529 : 0000085.png - PSNR: 25.01 dB
24-02-15 17:45:09.664 : 0000086.png - PSNR: 27.22 dB
24-02-15 17:45:09.814 : 0000087.png - PSNR: 31.29 dB
24-02-15 17:45:09.970 : 0000088.png - PSNR: 30.00 dB
24-02-15 17:45:10.104 : 0000089.png - PSNR: 22.64 dB
24-02-15 17:45:10.241 : 0000090.png - PSNR: 21.45 dB
24-02-15 17:45:10.426 : 0000091.png - PSNR: 22.05 dB
24-02-15 17:45:10.629 : 0000092.png - PSNR: 18.96 dB
24-02-15 17:45:10.774 : 0000093.png - PSNR: 24.90 dB
24-02-15 17:45:10.876 : 0000094.png - PSNR: 22.79 dB
24-02-15 17:45:10.978 : 0000095.png - PSNR: 26.54 dB
24-02-15 17:45:11.163 : 0000096.png - PSNR: 29.61 dB
24-02-15 17:45:11.309 : 0000097.png - PSNR: 29.90 dB
24-02-15 17:45:11.607 : 0000098.png - PSNR: 24.14 dB
24-02-15 17:45:11.831 : 0000099.png - PSNR: 21.68 dB
24-02-15 17:45:11.974 : 0000100.png - PSNR: 25.26 dB
24-02-15 17:45:12.324 : 0801.png - PSNR: 29.50 dB
24-02-15 17:45:12.709 : 0802.png - PSNR: 35.29 dB
24-02-15 17:45:13.180 : 0803.png - PSNR: 40.60 dB
24-02-15 17:45:13.567 : 0804.png - PSNR: 27.47 dB
24-02-15 17:45:13.998 : 0805.png - PSNR: 28.57 dB
24-02-15 17:45:14.401 : 0806.png - PSNR: 28.50 dB
24-02-15 17:45:14.752 : 0807.png - PSNR: 20.25 dB
24-02-15 17:45:15.114 : 0808.png - PSNR: 26.84 dB
24-02-15 17:45:15.499 : 0809.png - PSNR: 32.28 dB
24-02-15 17:45:15.969 : 0810.png - PSNR: 26.78 dB
24-02-15 17:45:16.370 : 0811.png - PSNR: 29.11 dB
24-02-15 17:45:16.821 : 0812.png - PSNR: 28.03 dB
24-02-15 17:45:17.258 : 0813.png - PSNR: 31.43 dB
24-02-15 17:45:17.624 : 0814.png - PSNR: 28.31 dB
24-02-15 17:45:17.953 : 0815.png - PSNR: 34.17 dB
24-02-15 17:45:18.345 : 0816.png - PSNR: 31.70 dB
24-02-15 17:45:18.781 : 0817.png - PSNR: 32.28 dB
24-02-15 17:45:19.226 : 0818.png - PSNR: 29.00 dB
24-02-15 17:45:19.619 : 0819.png - PSNR: 28.10 dB
24-02-15 17:45:20.026 : 0820.png - PSNR: 24.97 dB
24-02-15 17:45:20.436 : 0821.png - PSNR: 32.17 dB
24-02-15 17:45:20.896 : 0822.png - PSNR: 30.70 dB
24-02-15 17:45:21.308 : 0823.png - PSNR: 26.08 dB
24-02-15 17:45:21.669 : 0824.png - PSNR: 28.51 dB
24-02-15 17:45:22.062 : 0825.png - PSNR: 27.41 dB
24-02-15 17:45:22.524 : 0826.png - PSNR: 24.23 dB
24-02-15 17:45:22.968 : 0827.png - PSNR: 33.59 dB
24-02-15 17:45:23.351 : 0828.png - PSNR: 21.84 dB
24-02-15 17:45:23.736 : 0829.png - PSNR: 26.61 dB
24-02-15 17:45:24.074 : 0830.png - PSNR: 24.49 dB
24-02-15 17:45:24.382 : 0831.png - PSNR: 30.27 dB
24-02-15 17:45:24.790 : 0832.png - PSNR: 30.83 dB
24-02-15 17:45:25.253 : 0833.png - PSNR: 34.19 dB
24-02-15 17:45:25.626 : 0834.png - PSNR: 25.44 dB
24-02-15 17:45:26.085 : 0835.png - PSNR: 22.89 dB
24-02-15 17:45:26.572 : 0836.png - PSNR: 25.94 dB
24-02-15 17:45:26.972 : 0837.png - PSNR: 26.28 dB
24-02-15 17:45:27.372 : 0838.png - PSNR: 37.79 dB
24-02-15 17:45:27.744 : 0839.png - PSNR: 29.09 dB
24-02-15 17:45:28.101 : 0840.png - PSNR: 28.42 dB
24-02-15 17:45:28.519 : 0841.png - PSNR: 28.22 dB
24-02-15 17:45:28.903 : 0842.png - PSNR: 29.91 dB
24-02-15 17:45:29.251 : 0843.png - PSNR: 41.27 dB
24-02-15 17:45:29.545 : 0844.png - PSNR: 44.39 dB
24-02-15 17:45:29.891 : 0845.png - PSNR: 24.27 dB
24-02-15 17:45:30.307 : 0846.png - PSNR: 25.58 dB
24-02-15 17:45:30.674 : 0847.png - PSNR: 27.77 dB
24-02-15 17:45:31.126 : 0848.png - PSNR: 27.30 dB
24-02-15 17:45:31.546 : 0849.png - PSNR: 22.41 dB
24-02-15 17:45:31.961 : 0850.png - PSNR: 29.17 dB
24-02-15 17:45:32.349 : 0851.png - PSNR: 28.55 dB
24-02-15 17:45:32.683 : 0852.png - PSNR: 30.06 dB
24-02-15 17:45:33.045 : 0853.png - PSNR: 34.30 dB
24-02-15 17:45:33.402 : 0854.png - PSNR: 24.96 dB
24-02-15 17:45:33.883 : 0855.png - PSNR: 29.44 dB
24-02-15 17:45:34.335 : 0856.png - PSNR: 24.39 dB
24-02-15 17:45:34.770 : 0857.png - PSNR: 34.95 dB
24-02-15 17:45:35.147 : 0858.png - PSNR: 28.58 dB
24-02-15 17:45:35.547 : 0859.png - PSNR: 25.42 dB
24-02-15 17:45:36.019 : 0860.png - PSNR: 20.62 dB
24-02-15 17:45:36.458 : 0861.png - PSNR: 23.10 dB
24-02-15 17:45:36.846 : 0862.png - PSNR: 33.18 dB
24-02-15 17:45:37.272 : 0863.png - PSNR: 33.25 dB
24-02-15 17:45:37.646 : 0864.png - PSNR: 29.95 dB
24-02-15 17:45:38.103 : 0865.png - PSNR: 27.31 dB
24-02-15 17:45:38.514 : 0866.png - PSNR: 25.11 dB
24-02-15 17:45:38.924 : 0867.png - PSNR: 28.52 dB
24-02-15 17:45:39.306 : 0868.png - PSNR: 32.90 dB
24-02-15 17:45:39.634 : 0869.png - PSNR: 23.81 dB
24-02-15 17:45:40.130 : 0870.png - PSNR: 28.65 dB
24-02-15 17:45:40.579 : 0871.png - PSNR: 32.19 dB
24-02-15 17:45:40.993 : 0872.png - PSNR: 24.07 dB
24-02-15 17:45:41.444 : 0873.png - PSNR: 24.08 dB
24-02-15 17:45:41.857 : 0874.png - PSNR: 30.16 dB
24-02-15 17:45:42.344 : 0875.png - PSNR: 24.41 dB
24-02-15 17:45:42.779 : 0876.png - PSNR: 22.17 dB
24-02-15 17:45:43.154 : 0877.png - PSNR: 40.45 dB
24-02-15 17:45:43.589 : 0878.png - PSNR: 32.23 dB
24-02-15 17:45:44.139 : 0879.png - PSNR: 27.36 dB
24-02-15 17:45:44.553 : 0880.png - PSNR: 32.19 dB
24-02-15 17:45:44.899 : 0881.png - PSNR: 26.01 dB
24-02-15 17:45:45.279 : 0882.png - PSNR: 34.28 dB
24-02-15 17:45:45.730 : 0883.png - PSNR: 26.40 dB
24-02-15 17:45:46.133 : 0884.png - PSNR: 25.99 dB
24-02-15 17:45:46.545 : 0885.png - PSNR: 22.95 dB
24-02-15 17:45:46.938 : 0886.png - PSNR: 36.61 dB
24-02-15 17:45:47.321 : 0887.png - PSNR: 25.29 dB
24-02-15 17:45:47.708 : 0888.png - PSNR: 30.68 dB
24-02-15 17:45:48.116 : 0889.png - PSNR: 31.02 dB
24-02-15 17:45:48.514 : 0890.png - PSNR: 25.30 dB
24-02-15 17:45:48.984 : 0891.png - PSNR: 26.95 dB
24-02-15 17:45:49.403 : 0892.png - PSNR: 30.24 dB
24-02-15 17:45:49.780 : 0893.png - PSNR: 33.33 dB
24-02-15 17:45:50.185 : 0894.png - PSNR: 31.84 dB
24-02-15 17:45:50.560 : 0895.png - PSNR: 20.42 dB
24-02-15 17:45:50.941 : 0896.png - PSNR: 39.26 dB
24-02-15 17:45:51.299 : 0897.png - PSNR: 22.17 dB
24-02-15 17:45:51.703 : 0898.png - PSNR: 34.66 dB
24-02-15 17:45:52.090 : 0899.png - PSNR: 31.47 dB
24-02-15 17:45:52.479 : 0900.png - PSNR: 28.06 dB
24-02-15 17:45:52.625 :       Max Memory : 467.698 [M]
24-02-15 17:45:52.625 : ------> Average runtime of (valid) is : 16.923701 milliseconds
24-02-15 17:45:52.625 : ------> Average PSNR of (valid) is : 26.955139 dB
24-02-15 17:45:52.721 : 0000001.png - PSNR: 23.13 dB
24-02-15 17:45:52.798 : 0000002.png - PSNR: 28.36 dB
24-02-15 17:45:53.412 : 0000003.png - PSNR: 32.76 dB
24-02-15 17:45:53.966 : 0000004.png - PSNR: 26.09 dB
24-02-15 17:45:54.160 : 0000005.png - PSNR: 23.53 dB
24-02-15 17:45:54.338 : 0000006.png - PSNR: 26.37 dB
24-02-15 17:45:54.492 : 0000007.png - PSNR: 28.64 dB
24-02-15 17:45:54.610 : 0000008.png - PSNR: 22.32 dB
24-02-15 17:45:54.809 : 0000009.png - PSNR: 25.19 dB
24-02-15 17:45:55.051 : 0000010.png - PSNR: 30.18 dB
24-02-15 17:45:55.271 : 0000011.png - PSNR: 31.17 dB
24-02-15 17:45:55.480 : 0000012.png - PSNR: 29.55 dB
24-02-15 17:45:55.661 : 0000013.png - PSNR: 27.29 dB
24-02-15 17:45:55.787 : 0000014.png - PSNR: 25.01 dB
24-02-15 17:45:55.916 : 0000015.png - PSNR: 27.18 dB
24-02-15 17:45:56.059 : 0000016.png - PSNR: 20.65 dB
24-02-15 17:45:56.233 : 0000017.png - PSNR: 23.13 dB
24-02-15 17:45:56.434 : 0000018.png - PSNR: 28.00 dB
24-02-15 17:45:56.588 : 0000019.png - PSNR: 24.42 dB
24-02-15 17:45:56.746 : 0000020.png - PSNR: 25.70 dB
24-02-15 17:45:56.898 : 0000021.png - PSNR: 22.57 dB
24-02-15 17:45:57.052 : 0000022.png - PSNR: 20.65 dB
24-02-15 17:45:57.212 : 0000023.png - PSNR: 24.53 dB
24-02-15 17:45:57.345 : 0000024.png - PSNR: 23.17 dB
24-02-15 17:45:57.485 : 0000025.png - PSNR: 20.49 dB
24-02-15 17:45:57.669 : 0000026.png - PSNR: 23.79 dB
24-02-15 17:45:57.994 : 0000027.png - PSNR: 27.00 dB
24-02-15 17:45:58.323 : 0000028.png - PSNR: 25.64 dB
24-02-15 17:45:58.470 : 0000029.png - PSNR: 24.49 dB
24-02-15 17:45:58.722 : 0000030.png - PSNR: 27.47 dB
24-02-15 17:45:58.960 : 0000031.png - PSNR: 25.33 dB
24-02-15 17:45:59.065 : 0000032.png - PSNR: 24.10 dB
24-02-15 17:45:59.200 : 0000033.png - PSNR: 22.08 dB
24-02-15 17:45:59.326 : 0000034.png - PSNR: 21.45 dB
24-02-15 17:45:59.447 : 0000035.png - PSNR: 22.72 dB
24-02-15 17:45:59.573 : 0000036.png - PSNR: 22.91 dB
24-02-15 17:45:59.720 : 0000037.png - PSNR: 25.14 dB
24-02-15 17:45:59.847 : 0000038.png - PSNR: 32.37 dB
24-02-15 17:45:59.990 : 0000039.png - PSNR: 30.88 dB
24-02-15 17:46:00.133 : 0000040.png - PSNR: 19.15 dB
24-02-15 17:46:00.302 : 0000041.png - PSNR: 23.64 dB
24-02-15 17:46:00.507 : 0000042.png - PSNR: 30.28 dB
24-02-15 17:46:00.653 : 0000043.png - PSNR: 20.96 dB
24-02-15 17:46:00.739 : 0000044.png - PSNR: 25.10 dB
24-02-15 17:46:00.848 : 0000045.png - PSNR: 22.38 dB
24-02-15 17:46:00.977 : 0000046.png - PSNR: 30.82 dB
24-02-15 17:46:01.138 : 0000047.png - PSNR: 24.97 dB
24-02-15 17:46:01.241 : 0000048.png - PSNR: 23.85 dB
24-02-15 17:46:01.376 : 0000049.png - PSNR: 29.35 dB
24-02-15 17:46:01.573 : 0000050.png - PSNR: 23.29 dB
24-02-15 17:46:01.696 : 0000051.png - PSNR: 30.18 dB
24-02-15 17:46:01.863 : 0000052.png - PSNR: 22.10 dB
24-02-15 17:46:02.062 : 0000053.png - PSNR: 25.75 dB
24-02-15 17:46:02.263 : 0000054.png - PSNR: 25.65 dB
24-02-15 17:46:02.470 : 0000055.png - PSNR: 23.62 dB
24-02-15 17:46:02.693 : 0000056.png - PSNR: 24.89 dB
24-02-15 17:46:02.899 : 0000057.png - PSNR: 25.12 dB
24-02-15 17:46:03.070 : 0000058.png - PSNR: 24.18 dB
24-02-15 17:46:03.239 : 0000059.png - PSNR: 22.58 dB
24-02-15 17:46:03.408 : 0000060.png - PSNR: 22.42 dB
24-02-15 17:46:03.537 : 0000061.png - PSNR: 29.87 dB
24-02-15 17:46:03.696 : 0000062.png - PSNR: 21.46 dB
24-02-15 17:46:03.890 : 0000063.png - PSNR: 27.00 dB
24-02-15 17:46:04.046 : 0000064.png - PSNR: 33.55 dB
24-02-15 17:46:04.165 : 0000065.png - PSNR: 24.86 dB
24-02-15 17:46:04.272 : 0000066.png - PSNR: 21.71 dB
24-02-15 17:46:04.419 : 0000067.png - PSNR: 28.78 dB
24-02-15 17:46:04.785 : 0000068.png - PSNR: 31.30 dB
24-02-15 17:46:05.314 : 0000069.png - PSNR: 23.32 dB
24-02-15 17:46:05.625 : 0000070.png - PSNR: 32.38 dB
24-02-15 17:46:05.785 : 0000071.png - PSNR: 21.68 dB
24-02-15 17:46:05.989 : 0000072.png - PSNR: 27.85 dB
24-02-15 17:46:06.154 : 0000073.png - PSNR: 30.96 dB
24-02-15 17:46:06.302 : 0000074.png - PSNR: 23.52 dB
24-02-15 17:46:06.419 : 0000075.png - PSNR: 19.65 dB
24-02-15 17:46:06.514 : 0000076.png - PSNR: 29.33 dB
24-02-15 17:46:06.660 : 0000077.png - PSNR: 23.15 dB
24-02-15 17:46:06.830 : 0000078.png - PSNR: 22.08 dB
24-02-15 17:46:06.989 : 0000079.png - PSNR: 21.37 dB
24-02-15 17:46:07.171 : 0000080.png - PSNR: 30.49 dB
24-02-15 17:46:07.364 : 0000081.png - PSNR: 24.08 dB
24-02-15 17:46:07.479 : 0000082.png - PSNR: 24.88 dB
24-02-15 17:46:07.557 : 0000083.png - PSNR: 23.95 dB
24-02-15 17:46:07.781 : 0000084.png - PSNR: 26.69 dB
24-02-15 17:46:08.088 : 0000085.png - PSNR: 24.24 dB
24-02-15 17:46:08.354 : 0000086.png - PSNR: 24.38 dB
24-02-15 17:46:08.554 : 0000087.png - PSNR: 24.28 dB
24-02-15 17:46:08.642 : 0000088.png - PSNR: 29.16 dB
24-02-15 17:46:08.746 : 0000089.png - PSNR: 25.34 dB
24-02-15 17:46:09.018 : 0000090.png - PSNR: 25.13 dB
24-02-15 17:46:09.252 : 0000091.png - PSNR: 19.42 dB
24-02-15 17:46:09.370 : 0000092.png - PSNR: 24.24 dB
24-02-15 17:46:09.514 : 0000093.png - PSNR: 24.80 dB
24-02-15 17:46:09.689 : 0000094.png - PSNR: 27.02 dB
24-02-15 17:46:09.829 : 0000095.png - PSNR: 28.26 dB
24-02-15 17:46:10.004 : 0000096.png - PSNR: 21.95 dB
24-02-15 17:46:10.128 : 0000097.png - PSNR: 32.78 dB
24-02-15 17:46:10.314 : 0000098.png - PSNR: 24.26 dB
24-02-15 17:46:10.544 : 0000099.png - PSNR: 22.85 dB
24-02-15 17:46:10.696 : 0000100.png - PSNR: 24.60 dB
24-02-15 17:46:11.007 : 0901.png - PSNR: 33.12 dB
24-02-15 17:46:11.372 : 0902.png - PSNR: 31.57 dB
24-02-15 17:46:11.784 : 0903.png - PSNR: 30.55 dB
24-02-15 17:46:12.250 : 0904.png - PSNR: 38.02 dB
24-02-15 17:46:12.654 : 0905.png - PSNR: 25.44 dB
24-02-15 17:46:13.056 : 0906.png - PSNR: 28.21 dB
24-02-15 17:46:13.520 : 0907.png - PSNR: 30.39 dB
24-02-15 17:46:13.946 : 0908.png - PSNR: 31.47 dB
24-02-15 17:46:14.359 : 0909.png - PSNR: 31.82 dB
24-02-15 17:46:14.733 : 0910.png - PSNR: 25.41 dB
24-02-15 17:46:15.109 : 0911.png - PSNR: 35.37 dB
24-02-15 17:46:15.470 : 0912.png - PSNR: 34.13 dB
24-02-15 17:46:15.822 : 0913.png - PSNR: 24.24 dB
24-02-15 17:46:16.203 : 0914.png - PSNR: 24.21 dB
24-02-15 17:46:16.599 : 0915.png - PSNR: 24.82 dB
24-02-15 17:46:17.014 : 0916.png - PSNR: 26.30 dB
24-02-15 17:46:17.422 : 0917.png - PSNR: 25.73 dB
24-02-15 17:46:17.802 : 0918.png - PSNR: 33.98 dB
24-02-15 17:46:18.194 : 0919.png - PSNR: 23.40 dB
24-02-15 17:46:18.632 : 0920.png - PSNR: 26.08 dB
24-02-15 17:46:19.058 : 0921.png - PSNR: 30.70 dB
24-02-15 17:46:19.498 : 0922.png - PSNR: 28.89 dB
24-02-15 17:46:19.978 : 0923.png - PSNR: 27.17 dB
24-02-15 17:46:20.421 : 0924.png - PSNR: 22.62 dB
24-02-15 17:46:20.884 : 0925.png - PSNR: 26.41 dB
24-02-15 17:46:21.219 : 0926.png - PSNR: 26.35 dB
24-02-15 17:46:21.485 : 0927.png - PSNR: 29.77 dB
24-02-15 17:46:21.866 : 0928.png - PSNR: 26.78 dB
24-02-15 17:46:22.276 : 0929.png - PSNR: 27.51 dB
24-02-15 17:46:22.650 : 0930.png - PSNR: 33.63 dB
24-02-15 17:46:23.015 : 0931.png - PSNR: 26.69 dB
24-02-15 17:46:23.421 : 0932.png - PSNR: 33.72 dB
24-02-15 17:46:23.814 : 0933.png - PSNR: 35.39 dB
24-02-15 17:46:24.152 : 0934.png - PSNR: 30.73 dB
24-02-15 17:46:24.546 : 0935.png - PSNR: 23.63 dB
24-02-15 17:46:24.986 : 0936.png - PSNR: 28.33 dB
24-02-15 17:46:25.354 : 0937.png - PSNR: 35.81 dB
24-02-15 17:46:25.722 : 0938.png - PSNR: 31.35 dB
24-02-15 17:46:26.136 : 0939.png - PSNR: 29.85 dB
24-02-15 17:46:26.519 : 0940.png - PSNR: 36.14 dB
24-02-15 17:46:26.963 : 0941.png - PSNR: 23.85 dB
24-02-15 17:46:27.334 : 0942.png - PSNR: 32.43 dB
24-02-15 17:46:27.761 : 0943.png - PSNR: 28.44 dB
24-02-15 17:46:28.206 : 0944.png - PSNR: 27.95 dB
24-02-15 17:46:28.628 : 0945.png - PSNR: 25.42 dB
24-02-15 17:46:29.060 : 0946.png - PSNR: 30.21 dB
24-02-15 17:46:29.410 : 0947.png - PSNR: 26.64 dB
24-02-15 17:46:29.832 : 0948.png - PSNR: 31.46 dB
24-02-15 17:46:30.213 : 0949.png - PSNR: 25.15 dB
24-02-15 17:46:30.609 : 0950.png - PSNR: 41.35 dB
24-02-15 17:46:31.030 : 0951.png - PSNR: 26.20 dB
24-02-15 17:46:31.428 : 0952.png - PSNR: 29.18 dB
24-02-15 17:46:31.823 : 0953.png - PSNR: 32.55 dB
24-02-15 17:46:32.226 : 0954.png - PSNR: 25.89 dB
24-02-15 17:46:32.620 : 0955.png - PSNR: 26.87 dB
24-02-15 17:46:33.012 : 0956.png - PSNR: 28.95 dB
24-02-15 17:46:33.444 : 0957.png - PSNR: 27.66 dB
24-02-15 17:46:33.825 : 0958.png - PSNR: 23.23 dB
24-02-15 17:46:34.229 : 0959.png - PSNR: 26.13 dB
24-02-15 17:46:34.669 : 0960.png - PSNR: 28.11 dB
24-02-15 17:46:35.087 : 0961.png - PSNR: 38.87 dB
24-02-15 17:46:35.449 : 0962.png - PSNR: 27.15 dB
24-02-15 17:46:35.817 : 0963.png - PSNR: 33.35 dB
24-02-15 17:46:36.199 : 0964.png - PSNR: 26.20 dB
24-02-15 17:46:36.564 : 0965.png - PSNR: 24.94 dB
24-02-15 17:46:36.980 : 0966.png - PSNR: 27.00 dB
24-02-15 17:46:37.363 : 0967.png - PSNR: 36.82 dB
24-02-15 17:46:37.741 : 0968.png - PSNR: 24.42 dB
24-02-15 17:46:38.095 : 0969.png - PSNR: 27.47 dB
24-02-15 17:46:38.489 : 0970.png - PSNR: 34.15 dB
24-02-15 17:46:38.874 : 0971.png - PSNR: 27.70 dB
24-02-15 17:46:39.304 : 0972.png - PSNR: 21.00 dB
24-02-15 17:46:39.728 : 0973.png - PSNR: 24.49 dB
24-02-15 17:46:40.126 : 0974.png - PSNR: 28.46 dB
24-02-15 17:46:40.520 : 0975.png - PSNR: 29.75 dB
24-02-15 17:46:40.945 : 0976.png - PSNR: 33.82 dB
24-02-15 17:46:41.350 : 0977.png - PSNR: 24.31 dB
24-02-15 17:46:41.736 : 0978.png - PSNR: 23.85 dB
24-02-15 17:46:42.104 : 0979.png - PSNR: 35.22 dB
24-02-15 17:46:42.517 : 0980.png - PSNR: 25.80 dB
24-02-15 17:46:43.043 : 0981.png - PSNR: 28.00 dB
24-02-15 17:46:43.490 : 0982.png - PSNR: 27.69 dB
24-02-15 17:46:43.909 : 0983.png - PSNR: 31.27 dB
24-02-15 17:46:44.297 : 0984.png - PSNR: 32.15 dB
24-02-15 17:46:44.687 : 0985.png - PSNR: 24.94 dB
24-02-15 17:46:45.143 : 0986.png - PSNR: 32.59 dB
24-02-15 17:46:45.582 : 0987.png - PSNR: 26.82 dB
24-02-15 17:46:45.989 : 0988.png - PSNR: 29.06 dB
24-02-15 17:46:46.369 : 0989.png - PSNR: 32.80 dB
24-02-15 17:46:46.778 : 0990.png - PSNR: 25.88 dB
24-02-15 17:46:47.270 : 0991.png - PSNR: 24.61 dB
24-02-15 17:46:47.730 : 0992.png - PSNR: 25.11 dB
24-02-15 17:46:48.101 : 0993.png - PSNR: 22.62 dB
24-02-15 17:46:48.494 : 0994.png - PSNR: 21.47 dB
24-02-15 17:46:48.923 : 0995.png - PSNR: 20.44 dB
24-02-15 17:46:49.353 : 0996.png - PSNR: 40.49 dB
24-02-15 17:46:49.697 : 0997.png - PSNR: 22.86 dB
24-02-15 17:46:50.089 : 0998.png - PSNR: 27.16 dB
24-02-15 17:46:50.489 : 0999.png - PSNR: 29.77 dB
24-02-15 17:46:50.924 : 1000.png - PSNR: 27.67 dB
24-02-15 17:46:51.104 :       Max Memory : 773.169 [M]
24-02-15 17:46:51.104 : ------> Average runtime of (test) is : 11.386338 milliseconds
24-02-15 17:46:51.104 : ------> Average PSNR of (test) is : 27.069471 dB
24-02-15 17:46:51.127 :     #Activations : 80.0452 [M]
24-02-15 17:46:51.127 :          #Conv2d : 39
24-02-15 17:46:51.186 :            FLOPs : 19.6749 [G]
24-02-15 17:46:51.186 :          #Params : 0.3172 [M]
24-02-15 17:49:14.317 : 00_RLFN_baseline
24-02-15 17:49:15.447 : 0000001.png - PSNR: 25.67 dB
24-02-15 17:49:15.605 : 0000002.png - PSNR: 21.01 dB
24-02-15 17:49:15.781 : 0000003.png - PSNR: 26.43 dB
24-02-15 17:49:15.921 : 0000004.png - PSNR: 24.26 dB
24-02-15 17:49:16.117 : 0000005.png - PSNR: 25.11 dB
24-02-15 17:49:16.319 : 0000006.png - PSNR: 20.39 dB
24-02-15 17:49:16.465 : 0000007.png - PSNR: 19.04 dB
24-02-15 17:49:16.575 : 0000008.png - PSNR: 23.39 dB
24-02-15 17:49:16.672 : 0000009.png - PSNR: 23.25 dB
24-02-15 17:49:16.813 : 0000010.png - PSNR: 20.97 dB
24-02-15 17:49:16.957 : 0000011.png - PSNR: 25.67 dB
24-02-15 17:49:17.118 : 0000012.png - PSNR: 25.19 dB
24-02-15 17:49:17.338 : 0000013.png - PSNR: 26.03 dB
24-02-15 17:49:17.483 : 0000014.png - PSNR: 24.84 dB
24-02-15 17:49:17.570 : 0000015.png - PSNR: 22.91 dB
24-02-15 17:49:17.712 : 0000016.png - PSNR: 21.06 dB
24-02-15 17:49:17.871 : 0000017.png - PSNR: 22.56 dB
24-02-15 17:49:18.062 : 0000018.png - PSNR: 25.84 dB
24-02-15 17:49:18.269 : 0000019.png - PSNR: 22.62 dB
24-02-15 17:49:18.474 : 0000020.png - PSNR: 25.04 dB
24-02-15 17:49:18.640 : 0000021.png - PSNR: 24.27 dB
24-02-15 17:49:18.788 : 0000022.png - PSNR: 26.06 dB
24-02-15 17:49:18.967 : 0000023.png - PSNR: 31.51 dB
24-02-15 17:49:19.087 : 0000024.png - PSNR: 20.96 dB
24-02-15 17:49:19.211 : 0000025.png - PSNR: 25.84 dB
24-02-15 17:49:19.314 : 0000026.png - PSNR: 31.70 dB
24-02-15 17:49:19.411 : 0000027.png - PSNR: 22.52 dB
24-02-15 17:49:19.531 : 0000028.png - PSNR: 20.75 dB
24-02-15 17:49:19.651 : 0000029.png - PSNR: 24.64 dB
24-02-15 17:49:19.831 : 0000030.png - PSNR: 23.37 dB
24-02-15 17:49:19.968 : 0000031.png - PSNR: 35.59 dB
24-02-15 17:49:20.079 : 0000032.png - PSNR: 21.46 dB
24-02-15 17:49:20.213 : 0000033.png - PSNR: 24.72 dB
24-02-15 17:49:20.286 : 0000034.png - PSNR: 21.73 dB
24-02-15 17:49:20.359 : 0000035.png - PSNR: 27.57 dB
24-02-15 17:49:20.453 : 0000036.png - PSNR: 21.15 dB
24-02-15 17:49:20.600 : 0000037.png - PSNR: 23.74 dB
24-02-15 17:49:20.755 : 0000038.png - PSNR: 23.57 dB
24-02-15 17:49:20.929 : 0000039.png - PSNR: 22.56 dB
24-02-15 17:49:21.055 : 0000040.png - PSNR: 33.80 dB
24-02-15 17:49:21.177 : 0000041.png - PSNR: 24.83 dB
24-02-15 17:49:21.310 : 0000042.png - PSNR: 21.87 dB
24-02-15 17:49:21.483 : 0000043.png - PSNR: 23.14 dB
24-02-15 17:49:21.682 : 0000044.png - PSNR: 24.13 dB
24-02-15 17:49:21.777 : 0000045.png - PSNR: 25.30 dB
24-02-15 17:49:21.938 : 0000046.png - PSNR: 26.40 dB
24-02-15 17:49:22.214 : 0000047.png - PSNR: 21.35 dB
24-02-15 17:49:22.666 : 0000048.png - PSNR: 29.35 dB
24-02-15 17:49:23.143 : 0000049.png - PSNR: 24.82 dB
24-02-15 17:49:23.400 : 0000050.png - PSNR: 29.73 dB
24-02-15 17:49:23.526 : 0000051.png - PSNR: 23.72 dB
24-02-15 17:49:23.862 : 0000052.png - PSNR: 26.41 dB
24-02-15 17:49:24.395 : 0000053.png - PSNR: 32.14 dB
24-02-15 17:49:24.736 : 0000054.png - PSNR: 27.96 dB
24-02-15 17:49:24.872 : 0000055.png - PSNR: 27.16 dB
24-02-15 17:49:25.069 : 0000056.png - PSNR: 24.75 dB
24-02-15 17:49:25.202 : 0000057.png - PSNR: 22.58 dB
24-02-15 17:49:25.398 : 0000058.png - PSNR: 19.19 dB
24-02-15 17:49:25.650 : 0000059.png - PSNR: 23.15 dB
24-02-15 17:49:25.845 : 0000060.png - PSNR: 22.89 dB
24-02-15 17:49:26.059 : 0000061.png - PSNR: 23.97 dB
24-02-15 17:49:26.231 : 0000062.png - PSNR: 20.87 dB
24-02-15 17:49:26.377 : 0000063.png - PSNR: 21.34 dB
24-02-15 17:49:26.559 : 0000064.png - PSNR: 28.34 dB
24-02-15 17:49:26.761 : 0000065.png - PSNR: 20.95 dB
24-02-15 17:49:26.946 : 0000066.png - PSNR: 24.07 dB
24-02-15 17:49:27.092 : 0000067.png - PSNR: 23.01 dB
24-02-15 17:49:27.221 : 0000068.png - PSNR: 26.68 dB
24-02-15 17:49:27.390 : 0000069.png - PSNR: 29.34 dB
24-02-15 17:49:27.570 : 0000070.png - PSNR: 31.04 dB
24-02-15 17:49:27.735 : 0000071.png - PSNR: 26.30 dB
24-02-15 17:49:27.891 : 0000072.png - PSNR: 26.55 dB
24-02-15 17:49:28.085 : 0000073.png - PSNR: 22.21 dB
24-02-15 17:49:28.284 : 0000074.png - PSNR: 27.38 dB
24-02-15 17:49:28.447 : 0000075.png - PSNR: 28.85 dB
24-02-15 17:49:28.638 : 0000076.png - PSNR: 22.95 dB
24-02-15 17:49:28.766 : 0000077.png - PSNR: 24.39 dB
24-02-15 17:49:28.880 : 0000078.png - PSNR: 26.15 dB
24-02-15 17:49:29.033 : 0000079.png - PSNR: 24.36 dB
24-02-15 17:49:29.202 : 0000080.png - PSNR: 24.34 dB
24-02-15 17:49:29.381 : 0000081.png - PSNR: 23.74 dB
24-02-15 17:49:29.545 : 0000082.png - PSNR: 19.77 dB
24-02-15 17:49:29.719 : 0000083.png - PSNR: 30.06 dB
24-02-15 17:49:29.836 : 0000084.png - PSNR: 31.71 dB
24-02-15 17:49:29.918 : 0000085.png - PSNR: 25.01 dB
24-02-15 17:49:30.052 : 0000086.png - PSNR: 27.22 dB
24-02-15 17:49:30.204 : 0000087.png - PSNR: 31.29 dB
24-02-15 17:49:30.394 : 0000088.png - PSNR: 30.00 dB
24-02-15 17:49:30.535 : 0000089.png - PSNR: 22.64 dB
24-02-15 17:49:30.670 : 0000090.png - PSNR: 21.45 dB
24-02-15 17:49:30.854 : 0000091.png - PSNR: 22.05 dB
24-02-15 17:49:31.054 : 0000092.png - PSNR: 18.96 dB
24-02-15 17:49:31.199 : 0000093.png - PSNR: 24.90 dB
24-02-15 17:49:31.322 : 0000094.png - PSNR: 22.79 dB
24-02-15 17:49:31.449 : 0000095.png - PSNR: 26.54 dB
24-02-15 17:49:31.651 : 0000096.png - PSNR: 29.61 dB
24-02-15 17:49:31.796 : 0000097.png - PSNR: 29.90 dB
24-02-15 17:49:32.083 : 0000098.png - PSNR: 24.14 dB
24-02-15 17:49:32.306 : 0000099.png - PSNR: 21.68 dB
24-02-15 17:49:32.472 : 0000100.png - PSNR: 25.26 dB
24-02-15 17:49:32.777 : 0801.png - PSNR: 29.50 dB
24-02-15 17:49:33.156 : 0802.png - PSNR: 35.29 dB
24-02-15 17:49:33.610 : 0803.png - PSNR: 40.60 dB
24-02-15 17:49:33.988 : 0804.png - PSNR: 27.47 dB
24-02-15 17:49:34.387 : 0805.png - PSNR: 28.57 dB
24-02-15 17:49:34.781 : 0806.png - PSNR: 28.50 dB
24-02-15 17:49:35.115 : 0807.png - PSNR: 20.25 dB
24-02-15 17:49:35.457 : 0808.png - PSNR: 26.84 dB
24-02-15 17:49:35.815 : 0809.png - PSNR: 32.28 dB
24-02-15 17:49:36.249 : 0810.png - PSNR: 26.78 dB
24-02-15 17:49:36.653 : 0811.png - PSNR: 29.11 dB
24-02-15 17:49:37.110 : 0812.png - PSNR: 28.03 dB
24-02-15 17:49:37.523 : 0813.png - PSNR: 31.43 dB
24-02-15 17:49:37.891 : 0814.png - PSNR: 28.31 dB
24-02-15 17:49:38.215 : 0815.png - PSNR: 34.17 dB
24-02-15 17:49:38.622 : 0816.png - PSNR: 31.70 dB
24-02-15 17:49:39.077 : 0817.png - PSNR: 32.28 dB
24-02-15 17:49:39.542 : 0818.png - PSNR: 29.00 dB
24-02-15 17:49:39.957 : 0819.png - PSNR: 28.10 dB
24-02-15 17:49:40.380 : 0820.png - PSNR: 24.97 dB
24-02-15 17:49:40.807 : 0821.png - PSNR: 32.17 dB
24-02-15 17:49:41.307 : 0822.png - PSNR: 30.70 dB
24-02-15 17:49:41.753 : 0823.png - PSNR: 26.08 dB
24-02-15 17:49:42.135 : 0824.png - PSNR: 28.51 dB
24-02-15 17:49:42.542 : 0825.png - PSNR: 27.41 dB
24-02-15 17:49:43.019 : 0826.png - PSNR: 24.23 dB
24-02-15 17:49:43.479 : 0827.png - PSNR: 33.59 dB
24-02-15 17:49:43.877 : 0828.png - PSNR: 21.84 dB
24-02-15 17:49:44.256 : 0829.png - PSNR: 26.61 dB
24-02-15 17:49:44.589 : 0830.png - PSNR: 24.49 dB
24-02-15 17:49:44.903 : 0831.png - PSNR: 30.27 dB
24-02-15 17:49:45.317 : 0832.png - PSNR: 30.83 dB
24-02-15 17:49:45.799 : 0833.png - PSNR: 34.19 dB
24-02-15 17:49:46.159 : 0834.png - PSNR: 25.44 dB
24-02-15 17:49:46.598 : 0835.png - PSNR: 22.89 dB
24-02-15 17:49:47.065 : 0836.png - PSNR: 25.94 dB
24-02-15 17:49:47.453 : 0837.png - PSNR: 26.28 dB
24-02-15 17:49:47.842 : 0838.png - PSNR: 37.79 dB
24-02-15 17:49:48.208 : 0839.png - PSNR: 29.09 dB
24-02-15 17:49:48.553 : 0840.png - PSNR: 28.42 dB
24-02-15 17:49:48.955 : 0841.png - PSNR: 28.22 dB
24-02-15 17:49:49.341 : 0842.png - PSNR: 29.91 dB
24-02-15 17:49:49.693 : 0843.png - PSNR: 41.27 dB
24-02-15 17:49:49.985 : 0844.png - PSNR: 44.39 dB
24-02-15 17:49:50.331 : 0845.png - PSNR: 24.27 dB
24-02-15 17:49:50.744 : 0846.png - PSNR: 25.58 dB
24-02-15 17:49:51.111 : 0847.png - PSNR: 27.77 dB
24-02-15 17:49:51.542 : 0848.png - PSNR: 27.30 dB
24-02-15 17:49:51.950 : 0849.png - PSNR: 22.41 dB
24-02-15 17:49:52.354 : 0850.png - PSNR: 29.17 dB
24-02-15 17:49:52.736 : 0851.png - PSNR: 28.55 dB
24-02-15 17:49:53.055 : 0852.png - PSNR: 30.06 dB
24-02-15 17:49:53.388 : 0853.png - PSNR: 34.30 dB
24-02-15 17:49:53.723 : 0854.png - PSNR: 24.96 dB
24-02-15 17:49:54.174 : 0855.png - PSNR: 29.44 dB
24-02-15 17:49:54.617 : 0856.png - PSNR: 24.39 dB
24-02-15 17:49:55.020 : 0857.png - PSNR: 34.95 dB
24-02-15 17:49:55.374 : 0858.png - PSNR: 28.58 dB
24-02-15 17:49:55.760 : 0859.png - PSNR: 25.42 dB
24-02-15 17:49:56.219 : 0860.png - PSNR: 20.62 dB
24-02-15 17:49:56.642 : 0861.png - PSNR: 23.10 dB
24-02-15 17:49:57.023 : 0862.png - PSNR: 33.18 dB
24-02-15 17:49:57.435 : 0863.png - PSNR: 33.25 dB
24-02-15 17:49:57.820 : 0864.png - PSNR: 29.95 dB
24-02-15 17:49:58.293 : 0865.png - PSNR: 27.31 dB
24-02-15 17:49:58.718 : 0866.png - PSNR: 25.11 dB
24-02-15 17:49:59.137 : 0867.png - PSNR: 28.52 dB
24-02-15 17:49:59.511 : 0868.png - PSNR: 32.90 dB
24-02-15 17:49:59.818 : 0869.png - PSNR: 23.81 dB
24-02-15 17:50:00.305 : 0870.png - PSNR: 28.65 dB
24-02-15 17:50:00.727 : 0871.png - PSNR: 32.19 dB
24-02-15 17:50:01.125 : 0872.png - PSNR: 24.07 dB
24-02-15 17:50:01.557 : 0873.png - PSNR: 24.08 dB
24-02-15 17:50:01.957 : 0874.png - PSNR: 30.16 dB
24-02-15 17:50:02.439 : 0875.png - PSNR: 24.41 dB
24-02-15 17:50:02.868 : 0876.png - PSNR: 22.17 dB
24-02-15 17:50:03.246 : 0877.png - PSNR: 40.45 dB
24-02-15 17:50:03.681 : 0878.png - PSNR: 32.23 dB
24-02-15 17:50:04.234 : 0879.png - PSNR: 27.36 dB
24-02-15 17:50:04.652 : 0880.png - PSNR: 32.19 dB
24-02-15 17:50:05.005 : 0881.png - PSNR: 26.01 dB
24-02-15 17:50:05.381 : 0882.png - PSNR: 34.28 dB
24-02-15 17:50:05.829 : 0883.png - PSNR: 26.40 dB
24-02-15 17:50:06.239 : 0884.png - PSNR: 25.99 dB
24-02-15 17:50:06.649 : 0885.png - PSNR: 22.95 dB
24-02-15 17:50:07.033 : 0886.png - PSNR: 36.61 dB
24-02-15 17:50:07.406 : 0887.png - PSNR: 25.29 dB
24-02-15 17:50:07.804 : 0888.png - PSNR: 30.68 dB
24-02-15 17:50:08.223 : 0889.png - PSNR: 31.02 dB
24-02-15 17:50:08.614 : 0890.png - PSNR: 25.30 dB
24-02-15 17:50:09.077 : 0891.png - PSNR: 26.95 dB
24-02-15 17:50:09.495 : 0892.png - PSNR: 30.24 dB
24-02-15 17:50:09.875 : 0893.png - PSNR: 33.33 dB
24-02-15 17:50:10.277 : 0894.png - PSNR: 31.84 dB
24-02-15 17:50:10.662 : 0895.png - PSNR: 20.42 dB
24-02-15 17:50:11.052 : 0896.png - PSNR: 39.26 dB
24-02-15 17:50:11.407 : 0897.png - PSNR: 22.17 dB
24-02-15 17:50:11.808 : 0898.png - PSNR: 34.66 dB
24-02-15 17:50:12.192 : 0899.png - PSNR: 31.47 dB
24-02-15 17:50:12.575 : 0900.png - PSNR: 28.06 dB
24-02-15 17:50:12.720 :       Max Memory : 467.698 [M]
24-02-15 17:50:12.720 : ------> Average runtime of (valid) is : 16.973299 milliseconds
24-02-15 17:50:12.720 : ------> Average PSNR of (valid) is : 26.955139 dB
24-02-15 17:50:12.794 : 0000001.png - PSNR: 23.13 dB
24-02-15 17:50:12.867 : 0000002.png - PSNR: 28.36 dB
24-02-15 17:50:13.437 : 0000003.png - PSNR: 32.76 dB
24-02-15 17:50:14.003 : 0000004.png - PSNR: 26.09 dB
24-02-15 17:50:14.184 : 0000005.png - PSNR: 23.53 dB
24-02-15 17:50:14.352 : 0000006.png - PSNR: 26.37 dB
24-02-15 17:50:14.491 : 0000007.png - PSNR: 28.64 dB
24-02-15 17:50:14.604 : 0000008.png - PSNR: 22.32 dB
24-02-15 17:50:14.762 : 0000009.png - PSNR: 25.19 dB
24-02-15 17:50:14.990 : 0000010.png - PSNR: 30.18 dB
24-02-15 17:50:15.185 : 0000011.png - PSNR: 31.17 dB
24-02-15 17:50:15.379 : 0000012.png - PSNR: 29.55 dB
24-02-15 17:50:15.545 : 0000013.png - PSNR: 27.29 dB
24-02-15 17:50:15.656 : 0000014.png - PSNR: 25.01 dB
24-02-15 17:50:15.778 : 0000015.png - PSNR: 27.18 dB
24-02-15 17:50:15.905 : 0000016.png - PSNR: 20.65 dB
24-02-15 17:50:16.067 : 0000017.png - PSNR: 23.13 dB
24-02-15 17:50:16.265 : 0000018.png - PSNR: 28.00 dB
24-02-15 17:50:16.409 : 0000019.png - PSNR: 24.42 dB
24-02-15 17:50:16.540 : 0000020.png - PSNR: 25.70 dB
24-02-15 17:50:16.689 : 0000021.png - PSNR: 22.57 dB
24-02-15 17:50:16.833 : 0000022.png - PSNR: 20.65 dB
24-02-15 17:50:16.985 : 0000023.png - PSNR: 24.53 dB
24-02-15 17:50:17.108 : 0000024.png - PSNR: 23.17 dB
24-02-15 17:50:17.233 : 0000025.png - PSNR: 20.49 dB
24-02-15 17:50:17.396 : 0000026.png - PSNR: 23.79 dB
24-02-15 17:50:17.734 : 0000027.png - PSNR: 27.00 dB
24-02-15 17:50:18.035 : 0000028.png - PSNR: 25.64 dB
24-02-15 17:50:18.181 : 0000029.png - PSNR: 24.49 dB
24-02-15 17:50:18.431 : 0000030.png - PSNR: 27.47 dB
24-02-15 17:50:18.659 : 0000031.png - PSNR: 25.33 dB
24-02-15 17:50:18.752 : 0000032.png - PSNR: 24.10 dB
24-02-15 17:50:18.862 : 0000033.png - PSNR: 22.08 dB
24-02-15 17:50:18.981 : 0000034.png - PSNR: 21.45 dB
24-02-15 17:50:19.100 : 0000035.png - PSNR: 22.72 dB
24-02-15 17:50:19.218 : 0000036.png - PSNR: 22.91 dB
24-02-15 17:50:19.351 : 0000037.png - PSNR: 25.14 dB
24-02-15 17:50:19.452 : 0000038.png - PSNR: 32.37 dB
24-02-15 17:50:19.601 : 0000039.png - PSNR: 30.88 dB
24-02-15 17:50:19.717 : 0000040.png - PSNR: 19.15 dB
24-02-15 17:50:19.863 : 0000041.png - PSNR: 23.64 dB
24-02-15 17:50:20.052 : 0000042.png - PSNR: 30.28 dB
24-02-15 17:50:20.184 : 0000043.png - PSNR: 20.96 dB
24-02-15 17:50:20.259 : 0000044.png - PSNR: 25.10 dB
24-02-15 17:50:20.348 : 0000045.png - PSNR: 22.38 dB
24-02-15 17:50:20.502 : 0000046.png - PSNR: 30.82 dB
24-02-15 17:50:20.648 : 0000047.png - PSNR: 24.97 dB
24-02-15 17:50:20.748 : 0000048.png - PSNR: 23.85 dB
24-02-15 17:50:20.877 : 0000049.png - PSNR: 29.35 dB
24-02-15 17:50:21.062 : 0000050.png - PSNR: 23.29 dB
24-02-15 17:50:21.189 : 0000051.png - PSNR: 30.18 dB
24-02-15 17:50:21.342 : 0000052.png - PSNR: 22.10 dB
24-02-15 17:50:21.533 : 0000053.png - PSNR: 25.75 dB
24-02-15 17:50:21.734 : 0000054.png - PSNR: 25.65 dB
24-02-15 17:50:21.922 : 0000055.png - PSNR: 23.62 dB
24-02-15 17:50:22.121 : 0000056.png - PSNR: 24.89 dB
24-02-15 17:50:22.309 : 0000057.png - PSNR: 25.12 dB
24-02-15 17:50:22.477 : 0000058.png - PSNR: 24.18 dB
24-02-15 17:50:22.635 : 0000059.png - PSNR: 22.58 dB
24-02-15 17:50:22.798 : 0000060.png - PSNR: 22.42 dB
24-02-15 17:50:22.915 : 0000061.png - PSNR: 29.87 dB
24-02-15 17:50:23.050 : 0000062.png - PSNR: 21.46 dB
24-02-15 17:50:23.244 : 0000063.png - PSNR: 27.00 dB
24-02-15 17:50:23.394 : 0000064.png - PSNR: 33.55 dB
24-02-15 17:50:23.501 : 0000065.png - PSNR: 24.86 dB
24-02-15 17:50:23.597 : 0000066.png - PSNR: 21.71 dB
24-02-15 17:50:23.760 : 0000067.png - PSNR: 28.78 dB
24-02-15 17:50:24.117 : 0000068.png - PSNR: 31.30 dB
24-02-15 17:50:24.614 : 0000069.png - PSNR: 23.32 dB
24-02-15 17:50:24.943 : 0000070.png - PSNR: 32.38 dB
24-02-15 17:50:25.072 : 0000071.png - PSNR: 21.68 dB
24-02-15 17:50:25.257 : 0000072.png - PSNR: 27.85 dB
24-02-15 17:50:25.418 : 0000073.png - PSNR: 30.96 dB
24-02-15 17:50:25.548 : 0000074.png - PSNR: 23.52 dB
24-02-15 17:50:25.661 : 0000075.png - PSNR: 19.65 dB
24-02-15 17:50:25.750 : 0000076.png - PSNR: 29.33 dB
24-02-15 17:50:25.875 : 0000077.png - PSNR: 23.15 dB
24-02-15 17:50:26.024 : 0000078.png - PSNR: 22.08 dB
24-02-15 17:50:26.169 : 0000079.png - PSNR: 21.37 dB
24-02-15 17:50:26.338 : 0000080.png - PSNR: 30.49 dB
24-02-15 17:50:26.511 : 0000081.png - PSNR: 24.08 dB
24-02-15 17:50:26.623 : 0000082.png - PSNR: 24.88 dB
24-02-15 17:50:26.695 : 0000083.png - PSNR: 23.95 dB
24-02-15 17:50:26.917 : 0000084.png - PSNR: 26.69 dB
24-02-15 17:50:27.195 : 0000085.png - PSNR: 24.24 dB
24-02-15 17:50:27.434 : 0000086.png - PSNR: 24.38 dB
24-02-15 17:50:27.626 : 0000087.png - PSNR: 24.28 dB
24-02-15 17:50:27.715 : 0000088.png - PSNR: 29.16 dB
24-02-15 17:50:27.817 : 0000089.png - PSNR: 25.34 dB
24-02-15 17:50:28.089 : 0000090.png - PSNR: 25.13 dB
24-02-15 17:50:28.312 : 0000091.png - PSNR: 19.42 dB
24-02-15 17:50:28.435 : 0000092.png - PSNR: 24.24 dB
24-02-15 17:50:28.581 : 0000093.png - PSNR: 24.80 dB
24-02-15 17:50:28.752 : 0000094.png - PSNR: 27.02 dB
24-02-15 17:50:28.885 : 0000095.png - PSNR: 28.26 dB
24-02-15 17:50:29.033 : 0000096.png - PSNR: 21.95 dB
24-02-15 17:50:29.155 : 0000097.png - PSNR: 32.78 dB
24-02-15 17:50:29.332 : 0000098.png - PSNR: 24.26 dB
24-02-15 17:50:29.540 : 0000099.png - PSNR: 22.85 dB
24-02-15 17:50:29.683 : 0000100.png - PSNR: 24.60 dB
24-02-15 17:50:29.982 : 0901.png - PSNR: 33.12 dB
24-02-15 17:50:30.359 : 0902.png - PSNR: 31.57 dB
24-02-15 17:50:30.796 : 0903.png - PSNR: 30.55 dB
24-02-15 17:50:31.286 : 0904.png - PSNR: 38.02 dB
24-02-15 17:50:31.693 : 0905.png - PSNR: 25.44 dB
24-02-15 17:50:32.110 : 0906.png - PSNR: 28.21 dB
24-02-15 17:50:32.600 : 0907.png - PSNR: 30.39 dB
24-02-15 17:50:33.013 : 0908.png - PSNR: 31.47 dB
24-02-15 17:50:33.423 : 0909.png - PSNR: 31.82 dB
24-02-15 17:50:33.802 : 0910.png - PSNR: 25.41 dB
24-02-15 17:50:34.171 : 0911.png - PSNR: 35.37 dB
24-02-15 17:50:34.531 : 0912.png - PSNR: 34.13 dB
24-02-15 17:50:34.880 : 0913.png - PSNR: 24.24 dB
24-02-15 17:50:35.250 : 0914.png - PSNR: 24.21 dB
24-02-15 17:50:35.613 : 0915.png - PSNR: 24.82 dB
24-02-15 17:50:36.024 : 0916.png - PSNR: 26.30 dB
24-02-15 17:50:36.418 : 0917.png - PSNR: 25.73 dB
24-02-15 17:50:36.796 : 0918.png - PSNR: 33.98 dB
24-02-15 17:50:37.166 : 0919.png - PSNR: 23.40 dB
24-02-15 17:50:37.561 : 0920.png - PSNR: 26.08 dB
24-02-15 17:50:37.969 : 0921.png - PSNR: 30.70 dB
24-02-15 17:50:38.379 : 0922.png - PSNR: 28.89 dB
24-02-15 17:50:38.863 : 0923.png - PSNR: 27.17 dB
24-02-15 17:50:39.262 : 0924.png - PSNR: 22.62 dB
24-02-15 17:50:39.715 : 0925.png - PSNR: 26.41 dB
24-02-15 17:50:40.045 : 0926.png - PSNR: 26.35 dB
24-02-15 17:50:40.316 : 0927.png - PSNR: 29.77 dB
24-02-15 17:50:40.645 : 0928.png - PSNR: 26.78 dB
24-02-15 17:50:41.050 : 0929.png - PSNR: 27.51 dB
24-02-15 17:50:41.418 : 0930.png - PSNR: 33.63 dB
24-02-15 17:50:41.788 : 0931.png - PSNR: 26.69 dB
24-02-15 17:50:42.194 : 0932.png - PSNR: 33.72 dB
24-02-15 17:50:42.591 : 0933.png - PSNR: 35.39 dB
24-02-15 17:50:42.937 : 0934.png - PSNR: 30.73 dB
24-02-15 17:50:43.334 : 0935.png - PSNR: 23.63 dB
24-02-15 17:50:43.770 : 0936.png - PSNR: 28.33 dB
24-02-15 17:50:44.139 : 0937.png - PSNR: 35.81 dB
24-02-15 17:50:44.509 : 0938.png - PSNR: 31.35 dB
24-02-15 17:50:44.917 : 0939.png - PSNR: 29.85 dB
24-02-15 17:50:45.297 : 0940.png - PSNR: 36.14 dB
24-02-15 17:50:45.724 : 0941.png - PSNR: 23.85 dB
24-02-15 17:50:46.083 : 0942.png - PSNR: 32.43 dB
24-02-15 17:50:46.474 : 0943.png - PSNR: 28.44 dB
24-02-15 17:50:46.924 : 0944.png - PSNR: 27.95 dB
24-02-15 17:50:47.361 : 0945.png - PSNR: 25.42 dB
24-02-15 17:50:47.788 : 0946.png - PSNR: 30.21 dB
24-02-15 17:50:48.167 : 0947.png - PSNR: 26.64 dB
24-02-15 17:50:48.612 : 0948.png - PSNR: 31.46 dB
24-02-15 17:50:49.001 : 0949.png - PSNR: 25.15 dB
24-02-15 17:50:49.405 : 0950.png - PSNR: 41.35 dB
24-02-15 17:50:49.819 : 0951.png - PSNR: 26.20 dB
24-02-15 17:50:50.214 : 0952.png - PSNR: 29.18 dB
24-02-15 17:50:50.604 : 0953.png - PSNR: 32.55 dB
24-02-15 17:50:50.993 : 0954.png - PSNR: 25.89 dB
24-02-15 17:50:51.392 : 0955.png - PSNR: 26.87 dB
24-02-15 17:50:51.786 : 0956.png - PSNR: 28.95 dB
24-02-15 17:50:52.223 : 0957.png - PSNR: 27.66 dB
24-02-15 17:50:52.611 : 0958.png - PSNR: 23.23 dB
24-02-15 17:50:52.994 : 0959.png - PSNR: 26.13 dB
24-02-15 17:50:53.419 : 0960.png - PSNR: 28.11 dB
24-02-15 17:50:53.834 : 0961.png - PSNR: 38.87 dB
24-02-15 17:50:54.204 : 0962.png - PSNR: 27.15 dB
24-02-15 17:50:54.558 : 0963.png - PSNR: 33.35 dB
24-02-15 17:50:54.923 : 0964.png - PSNR: 26.20 dB
24-02-15 17:50:55.268 : 0965.png - PSNR: 24.94 dB
24-02-15 17:50:55.664 : 0966.png - PSNR: 27.00 dB
24-02-15 17:50:56.048 : 0967.png - PSNR: 36.82 dB
24-02-15 17:50:56.400 : 0968.png - PSNR: 24.42 dB
24-02-15 17:50:56.739 : 0969.png - PSNR: 27.47 dB
24-02-15 17:50:57.114 : 0970.png - PSNR: 34.15 dB
24-02-15 17:50:57.462 : 0971.png - PSNR: 27.70 dB
24-02-15 17:50:57.829 : 0972.png - PSNR: 21.00 dB
24-02-15 17:50:58.209 : 0973.png - PSNR: 24.49 dB
24-02-15 17:50:58.573 : 0974.png - PSNR: 28.46 dB
24-02-15 17:50:58.943 : 0975.png - PSNR: 29.75 dB
24-02-15 17:50:59.337 : 0976.png - PSNR: 33.82 dB
24-02-15 17:50:59.721 : 0977.png - PSNR: 24.31 dB
24-02-15 17:51:00.116 : 0978.png - PSNR: 23.85 dB
24-02-15 17:51:00.493 : 0979.png - PSNR: 35.22 dB
24-02-15 17:51:00.880 : 0980.png - PSNR: 25.80 dB
24-02-15 17:51:01.435 : 0981.png - PSNR: 28.00 dB
24-02-15 17:51:01.894 : 0982.png - PSNR: 27.69 dB
24-02-15 17:51:02.309 : 0983.png - PSNR: 31.27 dB
24-02-15 17:51:02.697 : 0984.png - PSNR: 32.15 dB
24-02-15 17:51:03.068 : 0985.png - PSNR: 24.94 dB
24-02-15 17:51:03.524 : 0986.png - PSNR: 32.59 dB
24-02-15 17:51:03.946 : 0987.png - PSNR: 26.82 dB
24-02-15 17:51:04.359 : 0988.png - PSNR: 29.06 dB
24-02-15 17:51:04.744 : 0989.png - PSNR: 32.80 dB
24-02-15 17:51:05.149 : 0990.png - PSNR: 25.88 dB
24-02-15 17:51:05.643 : 0991.png - PSNR: 24.61 dB
24-02-15 17:51:06.068 : 0992.png - PSNR: 25.11 dB
24-02-15 17:51:06.411 : 0993.png - PSNR: 22.62 dB
24-02-15 17:51:06.762 : 0994.png - PSNR: 21.47 dB
24-02-15 17:51:07.178 : 0995.png - PSNR: 20.44 dB
24-02-15 17:51:07.618 : 0996.png - PSNR: 40.49 dB
24-02-15 17:51:07.942 : 0997.png - PSNR: 22.86 dB
24-02-15 17:51:08.324 : 0998.png - PSNR: 27.16 dB
24-02-15 17:51:08.713 : 0999.png - PSNR: 29.77 dB
24-02-15 17:51:09.110 : 1000.png - PSNR: 27.67 dB
24-02-15 17:51:09.290 :       Max Memory : 773.169 [M]
24-02-15 17:51:09.290 : ------> Average runtime of (test) is : 11.895150 milliseconds
24-02-15 17:51:09.290 : ------> Average PSNR of (test) is : 27.069471 dB
24-02-15 17:51:09.312 :     #Activations : 80.0452 [M]
24-02-15 17:51:09.312 :          #Conv2d : 39
24-02-15 17:51:09.370 :            FLOPs : 19.6749 [G]
24-02-15 17:51:09.371 :          #Params : 0.3172 [M]
24-02-15 17:53:13.401 : 00_RLFN_baseline
24-02-15 17:53:14.521 : 0000001.png - PSNR: 25.67 dB
24-02-15 17:53:14.674 : 0000002.png - PSNR: 21.01 dB
24-02-15 17:53:14.840 : 0000003.png - PSNR: 26.43 dB
24-02-15 17:53:14.977 : 0000004.png - PSNR: 24.26 dB
24-02-15 17:53:15.180 : 0000005.png - PSNR: 25.11 dB
24-02-15 17:53:15.370 : 0000006.png - PSNR: 20.39 dB
24-02-15 17:53:15.503 : 0000007.png - PSNR: 19.04 dB
24-02-15 17:53:15.608 : 0000008.png - PSNR: 23.39 dB
24-02-15 17:53:15.700 : 0000009.png - PSNR: 23.25 dB
24-02-15 17:53:15.831 : 0000010.png - PSNR: 20.97 dB
24-02-15 17:53:15.969 : 0000011.png - PSNR: 25.67 dB
24-02-15 17:53:16.125 : 0000012.png - PSNR: 25.19 dB
24-02-15 17:53:16.305 : 0000013.png - PSNR: 26.03 dB
24-02-15 17:53:16.452 : 0000014.png - PSNR: 24.84 dB
24-02-15 17:53:16.538 : 0000015.png - PSNR: 22.91 dB
24-02-15 17:53:16.673 : 0000016.png - PSNR: 21.06 dB
24-02-15 17:53:16.832 : 0000017.png - PSNR: 22.56 dB
24-02-15 17:53:16.991 : 0000018.png - PSNR: 25.84 dB
24-02-15 17:53:17.192 : 0000019.png - PSNR: 22.62 dB
24-02-15 17:53:17.389 : 0000020.png - PSNR: 25.04 dB
24-02-15 17:53:17.553 : 0000021.png - PSNR: 24.27 dB
24-02-15 17:53:17.698 : 0000022.png - PSNR: 26.06 dB
24-02-15 17:53:17.869 : 0000023.png - PSNR: 31.51 dB
24-02-15 17:53:17.991 : 0000024.png - PSNR: 20.96 dB
24-02-15 17:53:18.108 : 0000025.png - PSNR: 25.84 dB
24-02-15 17:53:18.213 : 0000026.png - PSNR: 31.70 dB
24-02-15 17:53:18.314 : 0000027.png - PSNR: 22.52 dB
24-02-15 17:53:18.436 : 0000028.png - PSNR: 20.75 dB
24-02-15 17:53:18.558 : 0000029.png - PSNR: 24.64 dB
24-02-15 17:53:18.733 : 0000030.png - PSNR: 23.37 dB
24-02-15 17:53:18.874 : 0000031.png - PSNR: 35.59 dB
24-02-15 17:53:18.982 : 0000032.png - PSNR: 21.46 dB
24-02-15 17:53:19.116 : 0000033.png - PSNR: 24.72 dB
24-02-15 17:53:19.188 : 0000034.png - PSNR: 21.73 dB
24-02-15 17:53:19.258 : 0000035.png - PSNR: 27.57 dB
24-02-15 17:53:19.349 : 0000036.png - PSNR: 21.15 dB
24-02-15 17:53:19.494 : 0000037.png - PSNR: 23.74 dB
24-02-15 17:53:19.647 : 0000038.png - PSNR: 23.57 dB
24-02-15 17:53:19.817 : 0000039.png - PSNR: 22.56 dB
24-02-15 17:53:19.942 : 0000040.png - PSNR: 33.80 dB
24-02-15 17:53:20.062 : 0000041.png - PSNR: 24.83 dB
24-02-15 17:53:20.198 : 0000042.png - PSNR: 21.87 dB
24-02-15 17:53:20.380 : 0000043.png - PSNR: 23.14 dB
24-02-15 17:53:20.573 : 0000044.png - PSNR: 24.13 dB
24-02-15 17:53:20.663 : 0000045.png - PSNR: 25.30 dB
24-02-15 17:53:20.834 : 0000046.png - PSNR: 26.40 dB
24-02-15 17:53:21.117 : 0000047.png - PSNR: 21.35 dB
24-02-15 17:53:21.551 : 0000048.png - PSNR: 29.35 dB
24-02-15 17:53:22.016 : 0000049.png - PSNR: 24.82 dB
24-02-15 17:53:22.274 : 0000050.png - PSNR: 29.73 dB
24-02-15 17:53:22.402 : 0000051.png - PSNR: 23.72 dB
24-02-15 17:53:22.675 : 0000052.png - PSNR: 26.41 dB
24-02-15 17:53:23.162 : 0000053.png - PSNR: 32.14 dB
24-02-15 17:53:23.491 : 0000054.png - PSNR: 27.96 dB
24-02-15 17:53:23.632 : 0000055.png - PSNR: 27.16 dB
24-02-15 17:53:23.804 : 0000056.png - PSNR: 24.75 dB
24-02-15 17:53:23.939 : 0000057.png - PSNR: 22.58 dB
24-02-15 17:53:24.165 : 0000058.png - PSNR: 19.19 dB
24-02-15 17:53:24.412 : 0000059.png - PSNR: 23.15 dB
24-02-15 17:53:24.614 : 0000060.png - PSNR: 22.89 dB
24-02-15 17:53:24.830 : 0000061.png - PSNR: 23.97 dB
24-02-15 17:53:25.000 : 0000062.png - PSNR: 20.87 dB
24-02-15 17:53:25.143 : 0000063.png - PSNR: 21.34 dB
24-02-15 17:53:25.319 : 0000064.png - PSNR: 28.34 dB
24-02-15 17:53:25.513 : 0000065.png - PSNR: 20.95 dB
24-02-15 17:53:25.698 : 0000066.png - PSNR: 24.07 dB
24-02-15 17:53:25.847 : 0000067.png - PSNR: 23.01 dB
24-02-15 17:53:25.974 : 0000068.png - PSNR: 26.68 dB
24-02-15 17:53:26.151 : 0000069.png - PSNR: 29.34 dB
24-02-15 17:53:26.331 : 0000070.png - PSNR: 31.04 dB
24-02-15 17:53:26.504 : 0000071.png - PSNR: 26.30 dB
24-02-15 17:53:26.649 : 0000072.png - PSNR: 26.55 dB
24-02-15 17:53:26.843 : 0000073.png - PSNR: 22.21 dB
24-02-15 17:53:27.042 : 0000074.png - PSNR: 27.38 dB
24-02-15 17:53:27.204 : 0000075.png - PSNR: 28.85 dB
24-02-15 17:53:27.388 : 0000076.png - PSNR: 22.95 dB
24-02-15 17:53:27.514 : 0000077.png - PSNR: 24.39 dB
24-02-15 17:53:27.626 : 0000078.png - PSNR: 26.15 dB
24-02-15 17:53:27.778 : 0000079.png - PSNR: 24.36 dB
24-02-15 17:53:27.944 : 0000080.png - PSNR: 24.34 dB
24-02-15 17:53:28.125 : 0000081.png - PSNR: 23.74 dB
24-02-15 17:53:28.286 : 0000082.png - PSNR: 19.77 dB
24-02-15 17:53:28.458 : 0000083.png - PSNR: 30.06 dB
24-02-15 17:53:28.580 : 0000084.png - PSNR: 31.71 dB
24-02-15 17:53:28.664 : 0000085.png - PSNR: 25.01 dB
24-02-15 17:53:28.797 : 0000086.png - PSNR: 27.22 dB
24-02-15 17:53:29.029 : 0000087.png - PSNR: 31.29 dB
24-02-15 17:53:29.194 : 0000088.png - PSNR: 30.00 dB
24-02-15 17:53:29.328 : 0000089.png - PSNR: 22.64 dB
24-02-15 17:53:29.463 : 0000090.png - PSNR: 21.45 dB
24-02-15 17:53:29.649 : 0000091.png - PSNR: 22.05 dB
24-02-15 17:53:29.847 : 0000092.png - PSNR: 18.96 dB
24-02-15 17:53:29.988 : 0000093.png - PSNR: 24.90 dB
24-02-15 17:53:30.088 : 0000094.png - PSNR: 22.79 dB
24-02-15 17:53:30.195 : 0000095.png - PSNR: 26.54 dB
24-02-15 17:53:30.365 : 0000096.png - PSNR: 29.61 dB
24-02-15 17:53:30.510 : 0000097.png - PSNR: 29.90 dB
24-02-15 17:53:30.801 : 0000098.png - PSNR: 24.14 dB
24-02-15 17:53:31.025 : 0000099.png - PSNR: 21.68 dB
24-02-15 17:53:31.167 : 0000100.png - PSNR: 25.26 dB
24-02-15 17:53:31.489 : 0801.png - PSNR: 29.50 dB
24-02-15 17:53:31.882 : 0802.png - PSNR: 35.29 dB
24-02-15 17:53:32.313 : 0803.png - PSNR: 40.60 dB
24-02-15 17:53:32.712 : 0804.png - PSNR: 27.47 dB
24-02-15 17:53:33.108 : 0805.png - PSNR: 28.57 dB
24-02-15 17:53:33.513 : 0806.png - PSNR: 28.50 dB
24-02-15 17:53:33.847 : 0807.png - PSNR: 20.25 dB
24-02-15 17:53:34.201 : 0808.png - PSNR: 26.84 dB
24-02-15 17:53:34.565 : 0809.png - PSNR: 32.28 dB
24-02-15 17:53:34.984 : 0810.png - PSNR: 26.78 dB
24-02-15 17:53:35.391 : 0811.png - PSNR: 29.11 dB
24-02-15 17:53:35.822 : 0812.png - PSNR: 28.03 dB
24-02-15 17:53:36.237 : 0813.png - PSNR: 31.43 dB
24-02-15 17:53:36.615 : 0814.png - PSNR: 28.31 dB
24-02-15 17:53:36.957 : 0815.png - PSNR: 34.17 dB
24-02-15 17:53:37.360 : 0816.png - PSNR: 31.70 dB
24-02-15 17:53:37.794 : 0817.png - PSNR: 32.28 dB
24-02-15 17:53:38.262 : 0818.png - PSNR: 29.00 dB
24-02-15 17:53:38.681 : 0819.png - PSNR: 28.10 dB
24-02-15 17:53:39.094 : 0820.png - PSNR: 24.97 dB
24-02-15 17:53:39.510 : 0821.png - PSNR: 32.17 dB
24-02-15 17:53:39.964 : 0822.png - PSNR: 30.70 dB
24-02-15 17:53:40.390 : 0823.png - PSNR: 26.08 dB
24-02-15 17:53:40.765 : 0824.png - PSNR: 28.51 dB
24-02-15 17:53:41.146 : 0825.png - PSNR: 27.41 dB
24-02-15 17:53:41.590 : 0826.png - PSNR: 24.23 dB
24-02-15 17:53:42.035 : 0827.png - PSNR: 33.59 dB
24-02-15 17:53:42.428 : 0828.png - PSNR: 21.84 dB
24-02-15 17:53:42.799 : 0829.png - PSNR: 26.61 dB
24-02-15 17:53:43.099 : 0830.png - PSNR: 24.49 dB
24-02-15 17:53:43.418 : 0831.png - PSNR: 30.27 dB
24-02-15 17:53:43.818 : 0832.png - PSNR: 30.83 dB
24-02-15 17:53:44.227 : 0833.png - PSNR: 34.19 dB
24-02-15 17:53:44.580 : 0834.png - PSNR: 25.44 dB
24-02-15 17:53:44.991 : 0835.png - PSNR: 22.89 dB
24-02-15 17:53:45.452 : 0836.png - PSNR: 25.94 dB
24-02-15 17:53:45.862 : 0837.png - PSNR: 26.28 dB
24-02-15 17:53:46.241 : 0838.png - PSNR: 37.79 dB
24-02-15 17:53:46.611 : 0839.png - PSNR: 29.09 dB
24-02-15 17:53:46.977 : 0840.png - PSNR: 28.42 dB
24-02-15 17:53:47.398 : 0841.png - PSNR: 28.22 dB
24-02-15 17:53:47.786 : 0842.png - PSNR: 29.91 dB
24-02-15 17:53:48.144 : 0843.png - PSNR: 41.27 dB
24-02-15 17:53:48.443 : 0844.png - PSNR: 44.39 dB
24-02-15 17:53:48.802 : 0845.png - PSNR: 24.27 dB
24-02-15 17:53:49.202 : 0846.png - PSNR: 25.58 dB
24-02-15 17:53:49.599 : 0847.png - PSNR: 27.77 dB
24-02-15 17:53:50.034 : 0848.png - PSNR: 27.30 dB
24-02-15 17:53:50.481 : 0849.png - PSNR: 22.41 dB
24-02-15 17:53:50.918 : 0850.png - PSNR: 29.17 dB
24-02-15 17:53:51.326 : 0851.png - PSNR: 28.55 dB
24-02-15 17:53:51.664 : 0852.png - PSNR: 30.06 dB
24-02-15 17:53:52.033 : 0853.png - PSNR: 34.30 dB
24-02-15 17:53:52.399 : 0854.png - PSNR: 24.96 dB
24-02-15 17:53:52.872 : 0855.png - PSNR: 29.44 dB
24-02-15 17:53:53.353 : 0856.png - PSNR: 24.39 dB
24-02-15 17:53:53.763 : 0857.png - PSNR: 34.95 dB
24-02-15 17:53:54.158 : 0858.png - PSNR: 28.58 dB
24-02-15 17:53:54.571 : 0859.png - PSNR: 25.42 dB
24-02-15 17:53:55.026 : 0860.png - PSNR: 20.62 dB
24-02-15 17:53:55.475 : 0861.png - PSNR: 23.10 dB
24-02-15 17:53:55.866 : 0862.png - PSNR: 33.18 dB
24-02-15 17:53:56.262 : 0863.png - PSNR: 33.25 dB
24-02-15 17:53:56.669 : 0864.png - PSNR: 29.95 dB
24-02-15 17:53:57.110 : 0865.png - PSNR: 27.31 dB
24-02-15 17:53:57.534 : 0866.png - PSNR: 25.11 dB
24-02-15 17:53:57.963 : 0867.png - PSNR: 28.52 dB
24-02-15 17:53:58.348 : 0868.png - PSNR: 32.90 dB
24-02-15 17:53:58.674 : 0869.png - PSNR: 23.81 dB
24-02-15 17:53:59.143 : 0870.png - PSNR: 28.65 dB
24-02-15 17:53:59.596 : 0871.png - PSNR: 32.19 dB
24-02-15 17:54:00.010 : 0872.png - PSNR: 24.07 dB
24-02-15 17:54:00.456 : 0873.png - PSNR: 24.08 dB
24-02-15 17:54:00.869 : 0874.png - PSNR: 30.16 dB
24-02-15 17:54:01.320 : 0875.png - PSNR: 24.41 dB
24-02-15 17:54:01.774 : 0876.png - PSNR: 22.17 dB
24-02-15 17:54:02.157 : 0877.png - PSNR: 40.45 dB
24-02-15 17:54:02.582 : 0878.png - PSNR: 32.23 dB
24-02-15 17:54:03.126 : 0879.png - PSNR: 27.36 dB
24-02-15 17:54:03.563 : 0880.png - PSNR: 32.19 dB
24-02-15 17:54:03.926 : 0881.png - PSNR: 26.01 dB
24-02-15 17:54:04.317 : 0882.png - PSNR: 34.28 dB
24-02-15 17:54:04.761 : 0883.png - PSNR: 26.40 dB
24-02-15 17:54:05.206 : 0884.png - PSNR: 25.99 dB
24-02-15 17:54:05.650 : 0885.png - PSNR: 22.95 dB
24-02-15 17:54:06.068 : 0886.png - PSNR: 36.61 dB
24-02-15 17:54:06.474 : 0887.png - PSNR: 25.29 dB
24-02-15 17:54:06.882 : 0888.png - PSNR: 30.68 dB
24-02-15 17:54:07.312 : 0889.png - PSNR: 31.02 dB
24-02-15 17:54:07.704 : 0890.png - PSNR: 25.30 dB
24-02-15 17:54:08.138 : 0891.png - PSNR: 26.95 dB
24-02-15 17:54:08.574 : 0892.png - PSNR: 30.24 dB
24-02-15 17:54:08.967 : 0893.png - PSNR: 33.33 dB
24-02-15 17:54:09.372 : 0894.png - PSNR: 31.84 dB
24-02-15 17:54:09.742 : 0895.png - PSNR: 20.42 dB
24-02-15 17:54:10.138 : 0896.png - PSNR: 39.26 dB
24-02-15 17:54:10.488 : 0897.png - PSNR: 22.17 dB
24-02-15 17:54:10.881 : 0898.png - PSNR: 34.66 dB
24-02-15 17:54:11.255 : 0899.png - PSNR: 31.47 dB
24-02-15 17:54:11.636 : 0900.png - PSNR: 28.06 dB
24-02-15 17:54:11.784 :       Max Memory : 467.698 [M]
24-02-15 17:54:11.784 : ------> Average runtime of (valid) is : 14.943000 milliseconds
24-02-15 17:54:11.784 : ------> Average PSNR of (valid) is : 26.955139 dB
24-02-15 17:54:11.841 : 0000001.png - PSNR: 23.13 dB
24-02-15 17:54:11.914 : 0000002.png - PSNR: 28.36 dB
24-02-15 17:54:12.480 : 0000003.png - PSNR: 32.76 dB
24-02-15 17:54:13.024 : 0000004.png - PSNR: 26.09 dB
24-02-15 17:54:13.196 : 0000005.png - PSNR: 23.53 dB
24-02-15 17:54:13.360 : 0000006.png - PSNR: 26.37 dB
24-02-15 17:54:13.502 : 0000007.png - PSNR: 28.64 dB
24-02-15 17:54:13.587 : 0000008.png - PSNR: 22.32 dB
24-02-15 17:54:13.740 : 0000009.png - PSNR: 25.19 dB
24-02-15 17:54:13.964 : 0000010.png - PSNR: 30.18 dB
24-02-15 17:54:14.159 : 0000011.png - PSNR: 31.17 dB
24-02-15 17:54:14.351 : 0000012.png - PSNR: 29.55 dB
24-02-15 17:54:14.509 : 0000013.png - PSNR: 27.29 dB
24-02-15 17:54:14.621 : 0000014.png - PSNR: 25.01 dB
24-02-15 17:54:14.738 : 0000015.png - PSNR: 27.18 dB
24-02-15 17:54:14.867 : 0000016.png - PSNR: 20.65 dB
24-02-15 17:54:15.017 : 0000017.png - PSNR: 23.13 dB
24-02-15 17:54:15.205 : 0000018.png - PSNR: 28.00 dB
24-02-15 17:54:15.348 : 0000019.png - PSNR: 24.42 dB
24-02-15 17:54:15.475 : 0000020.png - PSNR: 25.70 dB
24-02-15 17:54:15.617 : 0000021.png - PSNR: 22.57 dB
24-02-15 17:54:15.760 : 0000022.png - PSNR: 20.65 dB
24-02-15 17:54:15.904 : 0000023.png - PSNR: 24.53 dB
24-02-15 17:54:16.027 : 0000024.png - PSNR: 23.17 dB
24-02-15 17:54:16.149 : 0000025.png - PSNR: 20.49 dB
24-02-15 17:54:16.308 : 0000026.png - PSNR: 23.79 dB
24-02-15 17:54:16.617 : 0000027.png - PSNR: 27.00 dB
24-02-15 17:54:16.901 : 0000028.png - PSNR: 25.64 dB
24-02-15 17:54:17.046 : 0000029.png - PSNR: 24.49 dB
24-02-15 17:54:17.316 : 0000030.png - PSNR: 27.47 dB
24-02-15 17:54:17.533 : 0000031.png - PSNR: 25.33 dB
24-02-15 17:54:17.621 : 0000032.png - PSNR: 24.10 dB
24-02-15 17:54:17.728 : 0000033.png - PSNR: 22.08 dB
24-02-15 17:54:17.849 : 0000034.png - PSNR: 21.45 dB
24-02-15 17:54:17.946 : 0000035.png - PSNR: 22.72 dB
24-02-15 17:54:18.060 : 0000036.png - PSNR: 22.91 dB
24-02-15 17:54:18.191 : 0000037.png - PSNR: 25.14 dB
24-02-15 17:54:18.292 : 0000038.png - PSNR: 32.37 dB
24-02-15 17:54:18.419 : 0000039.png - PSNR: 30.88 dB
24-02-15 17:54:18.538 : 0000040.png - PSNR: 19.15 dB
24-02-15 17:54:18.679 : 0000041.png - PSNR: 23.64 dB
24-02-15 17:54:18.868 : 0000042.png - PSNR: 30.28 dB
24-02-15 17:54:19.003 : 0000043.png - PSNR: 20.96 dB
24-02-15 17:54:19.078 : 0000044.png - PSNR: 25.10 dB
24-02-15 17:54:19.166 : 0000045.png - PSNR: 22.38 dB
24-02-15 17:54:19.293 : 0000046.png - PSNR: 30.82 dB
24-02-15 17:54:19.438 : 0000047.png - PSNR: 24.97 dB
24-02-15 17:54:19.536 : 0000048.png - PSNR: 23.85 dB
24-02-15 17:54:19.657 : 0000049.png - PSNR: 29.35 dB
24-02-15 17:54:19.840 : 0000050.png - PSNR: 23.29 dB
24-02-15 17:54:19.966 : 0000051.png - PSNR: 30.18 dB
24-02-15 17:54:20.114 : 0000052.png - PSNR: 22.10 dB
24-02-15 17:54:20.300 : 0000053.png - PSNR: 25.75 dB
24-02-15 17:54:20.529 : 0000054.png - PSNR: 25.65 dB
24-02-15 17:54:20.706 : 0000055.png - PSNR: 23.62 dB
24-02-15 17:54:20.906 : 0000056.png - PSNR: 24.89 dB
24-02-15 17:54:21.096 : 0000057.png - PSNR: 25.12 dB
24-02-15 17:54:21.268 : 0000058.png - PSNR: 24.18 dB
24-02-15 17:54:21.433 : 0000059.png - PSNR: 22.58 dB
24-02-15 17:54:21.595 : 0000060.png - PSNR: 22.42 dB
24-02-15 17:54:21.717 : 0000061.png - PSNR: 29.87 dB
24-02-15 17:54:21.849 : 0000062.png - PSNR: 21.46 dB
24-02-15 17:54:22.049 : 0000063.png - PSNR: 27.00 dB
24-02-15 17:54:22.202 : 0000064.png - PSNR: 33.55 dB
24-02-15 17:54:22.311 : 0000065.png - PSNR: 24.86 dB
24-02-15 17:54:22.413 : 0000066.png - PSNR: 21.71 dB
24-02-15 17:54:22.552 : 0000067.png - PSNR: 28.78 dB
24-02-15 17:54:22.918 : 0000068.png - PSNR: 31.30 dB
24-02-15 17:54:23.422 : 0000069.png - PSNR: 23.32 dB
24-02-15 17:54:23.723 : 0000070.png - PSNR: 32.38 dB
24-02-15 17:54:23.854 : 0000071.png - PSNR: 21.68 dB
24-02-15 17:54:24.035 : 0000072.png - PSNR: 27.85 dB
24-02-15 17:54:24.195 : 0000073.png - PSNR: 30.96 dB
24-02-15 17:54:24.323 : 0000074.png - PSNR: 23.52 dB
24-02-15 17:54:24.412 : 0000075.png - PSNR: 19.65 dB
24-02-15 17:54:24.497 : 0000076.png - PSNR: 29.33 dB
24-02-15 17:54:24.617 : 0000077.png - PSNR: 23.15 dB
24-02-15 17:54:24.765 : 0000078.png - PSNR: 22.08 dB
24-02-15 17:54:24.913 : 0000079.png - PSNR: 21.37 dB
24-02-15 17:54:25.082 : 0000080.png - PSNR: 30.49 dB
24-02-15 17:54:25.261 : 0000081.png - PSNR: 24.08 dB
24-02-15 17:54:25.374 : 0000082.png - PSNR: 24.88 dB
24-02-15 17:54:25.451 : 0000083.png - PSNR: 23.95 dB
24-02-15 17:54:25.682 : 0000084.png - PSNR: 26.69 dB
24-02-15 17:54:25.954 : 0000085.png - PSNR: 24.24 dB
24-02-15 17:54:26.212 : 0000086.png - PSNR: 24.38 dB
24-02-15 17:54:26.400 : 0000087.png - PSNR: 24.28 dB
24-02-15 17:54:26.485 : 0000088.png - PSNR: 29.16 dB
24-02-15 17:54:26.585 : 0000089.png - PSNR: 25.34 dB
24-02-15 17:54:26.876 : 0000090.png - PSNR: 25.13 dB
24-02-15 17:54:27.083 : 0000091.png - PSNR: 19.42 dB
24-02-15 17:54:27.182 : 0000092.png - PSNR: 24.24 dB
24-02-15 17:54:27.328 : 0000093.png - PSNR: 24.80 dB
24-02-15 17:54:27.493 : 0000094.png - PSNR: 27.02 dB
24-02-15 17:54:27.628 : 0000095.png - PSNR: 28.26 dB
24-02-15 17:54:27.771 : 0000096.png - PSNR: 21.95 dB
24-02-15 17:54:27.892 : 0000097.png - PSNR: 32.78 dB
24-02-15 17:54:28.083 : 0000098.png - PSNR: 24.26 dB
24-02-15 17:54:28.279 : 0000099.png - PSNR: 22.85 dB
24-02-15 17:54:28.418 : 0000100.png - PSNR: 24.60 dB
24-02-15 17:54:28.726 : 0901.png - PSNR: 33.12 dB
24-02-15 17:54:29.112 : 0902.png - PSNR: 31.57 dB
24-02-15 17:54:29.498 : 0903.png - PSNR: 30.55 dB
24-02-15 17:54:29.954 : 0904.png - PSNR: 38.02 dB
24-02-15 17:54:30.359 : 0905.png - PSNR: 25.44 dB
24-02-15 17:54:30.766 : 0906.png - PSNR: 28.21 dB
24-02-15 17:54:31.191 : 0907.png - PSNR: 30.39 dB
24-02-15 17:54:31.591 : 0908.png - PSNR: 31.47 dB
24-02-15 17:54:31.979 : 0909.png - PSNR: 31.82 dB
24-02-15 17:54:32.348 : 0910.png - PSNR: 25.41 dB
24-02-15 17:54:32.701 : 0911.png - PSNR: 35.37 dB
24-02-15 17:54:33.046 : 0912.png - PSNR: 34.13 dB
24-02-15 17:54:33.399 : 0913.png - PSNR: 24.24 dB
24-02-15 17:54:33.767 : 0914.png - PSNR: 24.21 dB
24-02-15 17:54:34.147 : 0915.png - PSNR: 24.82 dB
24-02-15 17:54:34.538 : 0916.png - PSNR: 26.30 dB
24-02-15 17:54:34.922 : 0917.png - PSNR: 25.73 dB
24-02-15 17:54:35.306 : 0918.png - PSNR: 33.98 dB
24-02-15 17:54:35.668 : 0919.png - PSNR: 23.40 dB
24-02-15 17:54:36.047 : 0920.png - PSNR: 26.08 dB
24-02-15 17:54:36.449 : 0921.png - PSNR: 30.70 dB
24-02-15 17:54:36.864 : 0922.png - PSNR: 28.89 dB
24-02-15 17:54:37.287 : 0923.png - PSNR: 27.17 dB
24-02-15 17:54:37.687 : 0924.png - PSNR: 22.62 dB
24-02-15 17:54:38.108 : 0925.png - PSNR: 26.41 dB
24-02-15 17:54:38.438 : 0926.png - PSNR: 26.35 dB
24-02-15 17:54:38.710 : 0927.png - PSNR: 29.77 dB
24-02-15 17:54:39.068 : 0928.png - PSNR: 26.78 dB
24-02-15 17:54:39.482 : 0929.png - PSNR: 27.51 dB
24-02-15 17:54:39.858 : 0930.png - PSNR: 33.63 dB
24-02-15 17:54:40.219 : 0931.png - PSNR: 26.69 dB
24-02-15 17:54:40.620 : 0932.png - PSNR: 33.72 dB
24-02-15 17:54:41.009 : 0933.png - PSNR: 35.39 dB
24-02-15 17:54:41.332 : 0934.png - PSNR: 30.73 dB
24-02-15 17:54:41.713 : 0935.png - PSNR: 23.63 dB
24-02-15 17:54:42.124 : 0936.png - PSNR: 28.33 dB
24-02-15 17:54:42.504 : 0937.png - PSNR: 35.81 dB
24-02-15 17:54:42.867 : 0938.png - PSNR: 31.35 dB
24-02-15 17:54:43.271 : 0939.png - PSNR: 29.85 dB
24-02-15 17:54:43.646 : 0940.png - PSNR: 36.14 dB
24-02-15 17:54:44.051 : 0941.png - PSNR: 23.85 dB
24-02-15 17:54:44.448 : 0942.png - PSNR: 32.43 dB
24-02-15 17:54:44.853 : 0943.png - PSNR: 28.44 dB
24-02-15 17:54:45.270 : 0944.png - PSNR: 27.95 dB
24-02-15 17:54:45.670 : 0945.png - PSNR: 25.42 dB
24-02-15 17:54:46.113 : 0946.png - PSNR: 30.21 dB
24-02-15 17:54:46.481 : 0947.png - PSNR: 26.64 dB
24-02-15 17:54:46.905 : 0948.png - PSNR: 31.46 dB
24-02-15 17:54:47.303 : 0949.png - PSNR: 25.15 dB
24-02-15 17:54:47.701 : 0950.png - PSNR: 41.35 dB
24-02-15 17:54:48.108 : 0951.png - PSNR: 26.20 dB
24-02-15 17:54:48.503 : 0952.png - PSNR: 29.18 dB
24-02-15 17:54:48.889 : 0953.png - PSNR: 32.55 dB
24-02-15 17:54:49.271 : 0954.png - PSNR: 25.89 dB
24-02-15 17:54:49.656 : 0955.png - PSNR: 26.87 dB
24-02-15 17:54:50.049 : 0956.png - PSNR: 28.95 dB
24-02-15 17:54:50.453 : 0957.png - PSNR: 27.66 dB
24-02-15 17:54:50.858 : 0958.png - PSNR: 23.23 dB
24-02-15 17:54:51.243 : 0959.png - PSNR: 26.13 dB
24-02-15 17:54:51.630 : 0960.png - PSNR: 28.11 dB
24-02-15 17:54:52.065 : 0961.png - PSNR: 38.87 dB
24-02-15 17:54:52.433 : 0962.png - PSNR: 27.15 dB
24-02-15 17:54:52.777 : 0963.png - PSNR: 33.35 dB
24-02-15 17:54:53.157 : 0964.png - PSNR: 26.20 dB
24-02-15 17:54:53.516 : 0965.png - PSNR: 24.94 dB
24-02-15 17:54:53.927 : 0966.png - PSNR: 27.00 dB
24-02-15 17:54:54.315 : 0967.png - PSNR: 36.82 dB
24-02-15 17:54:54.669 : 0968.png - PSNR: 24.42 dB
24-02-15 17:54:55.006 : 0969.png - PSNR: 27.47 dB
24-02-15 17:54:55.359 : 0970.png - PSNR: 34.15 dB
24-02-15 17:54:55.722 : 0971.png - PSNR: 27.70 dB
24-02-15 17:54:56.118 : 0972.png - PSNR: 21.00 dB
24-02-15 17:54:56.528 : 0973.png - PSNR: 24.49 dB
24-02-15 17:54:56.907 : 0974.png - PSNR: 28.46 dB
24-02-15 17:54:57.315 : 0975.png - PSNR: 29.75 dB
24-02-15 17:54:57.736 : 0976.png - PSNR: 33.82 dB
24-02-15 17:54:58.156 : 0977.png - PSNR: 24.31 dB
24-02-15 17:54:58.564 : 0978.png - PSNR: 23.85 dB
24-02-15 17:54:58.945 : 0979.png - PSNR: 35.22 dB
24-02-15 17:54:59.328 : 0980.png - PSNR: 25.80 dB
24-02-15 17:54:59.860 : 0981.png - PSNR: 28.00 dB
24-02-15 17:55:00.333 : 0982.png - PSNR: 27.69 dB
24-02-15 17:55:00.767 : 0983.png - PSNR: 31.27 dB
24-02-15 17:55:01.148 : 0984.png - PSNR: 32.15 dB
24-02-15 17:55:01.534 : 0985.png - PSNR: 24.94 dB
24-02-15 17:55:01.971 : 0986.png - PSNR: 32.59 dB
24-02-15 17:55:02.399 : 0987.png - PSNR: 26.82 dB
24-02-15 17:55:02.802 : 0988.png - PSNR: 29.06 dB
24-02-15 17:55:03.200 : 0989.png - PSNR: 32.80 dB
24-02-15 17:55:03.609 : 0990.png - PSNR: 25.88 dB
24-02-15 17:55:04.069 : 0991.png - PSNR: 24.61 dB
24-02-15 17:55:04.505 : 0992.png - PSNR: 25.11 dB
24-02-15 17:55:04.847 : 0993.png - PSNR: 22.62 dB
24-02-15 17:55:05.215 : 0994.png - PSNR: 21.47 dB
24-02-15 17:55:05.625 : 0995.png - PSNR: 20.44 dB
24-02-15 17:55:06.048 : 0996.png - PSNR: 40.49 dB
24-02-15 17:55:06.381 : 0997.png - PSNR: 22.86 dB
24-02-15 17:55:06.764 : 0998.png - PSNR: 27.16 dB
24-02-15 17:55:07.167 : 0999.png - PSNR: 29.77 dB
24-02-15 17:55:07.563 : 1000.png - PSNR: 27.67 dB
24-02-15 17:55:07.743 :       Max Memory : 773.169 [M]
24-02-15 17:55:07.744 : ------> Average runtime of (test) is : 9.486488 milliseconds
24-02-15 17:55:07.744 : ------> Average PSNR of (test) is : 27.069471 dB
24-02-15 17:55:07.756 :     #Activations : 80.0452 [M]
24-02-15 17:55:07.756 :          #Conv2d : 39
24-02-15 17:55:07.814 :            FLOPs : 19.6749 [G]
24-02-15 17:55:07.815 :          #Params : 0.3172 [M]
